#
# There is insufficient memory for the Java Runtime Environment to continue.
# Native memory allocation (malloc) failed to allocate 320864 bytes for Chunk::new
# Possible reasons:
#   The system is out of physical RAM or swap space
#   The process is running with CompressedOops enabled, and the Java Heap may be blocking the growth of the native heap
# Possible solutions:
#   Reduce memory load on the system
#   Increase physical memory or swap space
#   Check if swap backing store is full
#   Decrease Java heap size (-Xmx/-Xms)
#   Decrease number of Java threads
#   Decrease Java thread stack sizes (-Xss)
#   Set larger code cache with -XX:ReservedCodeCacheSize=
#   JVM is running with Unscaled Compressed Oops mode in which the Java heap is
#     placed in the first 4GB address space. The Java Heap base address is the
#     maximum limit for the native heap growth. Please use -XX:HeapBaseMinAddress
#     to set the Java Heap base and to place the Java Heap above 4GB virtual address.
# This output file may be truncated or incomplete.
#
#  Out of Memory Error (arena.cpp:195), pid=9864, tid=6316
#
# JRE version: OpenJDK Runtime Environment Corretto-16.0.2.7.1 (16.0.2+7) (build 16.0.2+7)
# Java VM: OpenJDK 64-Bit Server VM Corretto-16.0.2.7.1 (16.0.2+7, mixed mode, sharing, tiered, compressed oops, compressed class ptrs, g1 gc, windows-amd64)
# No core dump will be written. Minidumps are not enabled by default on client versions of Windows
#

---------------  S U M M A R Y ------------

Command Line: --add-opens=java.base/java.util=ALL-UNNAMED --add-opens=java.base/java.lang=ALL-UNNAMED --add-opens=java.base/java.lang.invoke=ALL-UNNAMED --add-opens=java.base/java.util=ALL-UNNAMED --add-opens=java.prefs/java.util.prefs=ALL-UNNAMED --add-opens=java.prefs/java.util.prefs=ALL-UNNAMED --add-opens=java.base/java.nio.charset=ALL-UNNAMED --add-opens=java.base/java.net=ALL-UNNAMED --add-opens=java.base/java.util.concurrent.atomic=ALL-UNNAMED -Xmx2048m -Dfile.encoding=UTF-8 -Duser.country=BR -Duser.language=pt -Duser.variant org.gradle.launcher.daemon.bootstrap.GradleDaemon 7.5

Host: Intel(R) Core(TM) i3-9100F CPU @ 3.60GHz, 4 cores, 7G,  Windows 10 , 64 bit Build 19041 (10.0.19041.3155)
Time: Thu Jul 27 22:49:18 2023 Hora oficial do Brasil elapsed time: 244.916510 seconds (0d 0h 4m 4s)

---------------  T H R E A D  ---------------

Current thread (0x000001f2b6982ee0):  JavaThread "C2 CompilerThread0" daemon [_thread_in_native, id=6316, stack(0x000000ef5a800000,0x000000ef5a900000)]


Current CompileTask:
C2: 244965 11670   !   4       org.gradle.internal.execution.fingerprint.impl.DefaultInputFingerprinter$InputCollectingVisitor::visitInputProperty (115 bytes)

Stack: [0x000000ef5a800000,0x000000ef5a900000]
Native frames: (J=compiled Java code, j=interpreted, Vv=VM code, C=native code)
V  [jvm.dll+0x647e0a]
V  [jvm.dll+0x7f0549]
V  [jvm.dll+0x7f1cfe]
V  [jvm.dll+0x7f2343]
V  [jvm.dll+0x23dd88]
V  [jvm.dll+0xc879a]
V  [jvm.dll+0xc8d4c]
V  [jvm.dll+0x351627]
V  [jvm.dll+0x31b53f]
V  [jvm.dll+0x31a97a]
V  [jvm.dll+0x210990]
V  [jvm.dll+0x20ff17]
V  [jvm.dll+0x1a0d9b]
V  [jvm.dll+0x21f909]
V  [jvm.dll+0x21da9b]
V  [jvm.dll+0x7a8662]
V  [jvm.dll+0x7a223a]
V  [jvm.dll+0x646c46]
C  [ucrtbase.dll+0x21bb2]
C  [KERNEL32.DLL+0x17614]
C  [ntdll.dll+0x526b1]


---------------  P R O C E S S  ---------------

Threads class SMR info:
_java_thread_list=0x000001f2c1303c30, length=81, elements={
0x000001f297f25b70, 0x000001f2b6966710, 0x000001f2b69674e0, 0x000001f2b6975630,
0x000001f2b6976040, 0x000001f2b6979100, 0x000001f2b6979a10, 0x000001f2b6982ee0,
0x000001f2b69924d0, 0x000001f2b6994e30, 0x000001f2b74a5000, 0x000001f2b74a8540,
0x000001f2b8703030, 0x000001f2b93968b0, 0x000001f2b7f80870, 0x000001f2b7f7e890,
0x000001f2b7f7f880, 0x000001f2b7f81860, 0x000001f2b7f81310, 0x000001f2b7f7e340,
0x000001f2b7f7fdd0, 0x000001f2b7f80320, 0x000001f2b9c03f80, 0x000001f2b9c064b0,
0x000001f2b9c04f70, 0x000001f2b9c01a50, 0x000001f2b9c06a00, 0x000001f2b9c044d0,
0x000001f2b9c074a0, 0x000001f2b9c01fa0, 0x000001f2b9c06f50, 0x000001f2b9bfffc0,
0x000001f2b9c024f0, 0x000001f2b9c04a20, 0x000001f2b9c054c0, 0x000001f2b9c02a40,
0x000001f2b9c02f90, 0x000001f2b9c034e0, 0x000001f2b9c05a10, 0x000001f2b9c00a60,
0x000001f2b9c03a30, 0x000001f2b9c05f60, 0x000001f2b9c00fb0, 0x000001f2b9c01500,
0x000001f2b80aa420, 0x000001f2b80a8990, 0x000001f2b80a69b0, 0x000001f2b80a7ef0,
0x000001f2b80a6460, 0x000001f2b80a8ee0, 0x000001f2b80a9430, 0x000001f2b80a49d0,
0x000001f2b80a9980, 0x000001f2b80a6f00, 0x000001f2b80a9ed0, 0x000001f2b80aa970,
0x000001f2b80a2f40, 0x000001f2b80a4480, 0x000001f2b80a3490, 0x000001f2b80a39e0,
0x000001f2b80a7450, 0x000001f2b80a3f30, 0x000001f2b80a4f20, 0x000001f2b80a5470,
0x000001f2b80a59c0, 0x000001f2b80a79a0, 0x000001f2b80a5f10, 0x000001f2b80a8440,
0x000001f2b7508e70, 0x000001f2b75093c0, 0x000001f2b7509910, 0x000001f2b7509e60,
0x000001f2b750b8f0, 0x000001f2b750a3b0, 0x000001f2b750a900, 0x000001f2b75083d0,
0x000001f2b7508920, 0x000001f2bdbca5d0, 0x000001f2bdbcb070, 0x000001f2bdbcb5c0,
0x000001f2bdbc80a0
}

Java Threads: ( => current thread )
  0x000001f297f25b70 JavaThread "main" [_thread_blocked, id=12960, stack(0x000000ef59b00000,0x000000ef59c00000)]
  0x000001f2b6966710 JavaThread "Reference Handler" daemon [_thread_blocked, id=6716, stack(0x000000ef5a200000,0x000000ef5a300000)]
  0x000001f2b69674e0 JavaThread "Finalizer" daemon [_thread_blocked, id=11664, stack(0x000000ef5a300000,0x000000ef5a400000)]
  0x000001f2b6975630 JavaThread "Signal Dispatcher" daemon [_thread_blocked, id=4420, stack(0x000000ef5a400000,0x000000ef5a500000)]
  0x000001f2b6976040 JavaThread "Attach Listener" daemon [_thread_blocked, id=15124, stack(0x000000ef5a500000,0x000000ef5a600000)]
  0x000001f2b6979100 JavaThread "Service Thread" daemon [_thread_blocked, id=10308, stack(0x000000ef5a600000,0x000000ef5a700000)]
  0x000001f2b6979a10 JavaThread "Monitor Deflation Thread" daemon [_thread_blocked, id=8056, stack(0x000000ef5a700000,0x000000ef5a800000)]
=>0x000001f2b6982ee0 JavaThread "C2 CompilerThread0" daemon [_thread_in_native, id=6316, stack(0x000000ef5a800000,0x000000ef5a900000)]
  0x000001f2b69924d0 JavaThread "C1 CompilerThread0" daemon [_thread_blocked, id=11392, stack(0x000000ef5a900000,0x000000ef5aa00000)]
  0x000001f2b6994e30 JavaThread "Sweeper thread" daemon [_thread_blocked, id=9596, stack(0x000000ef5aa00000,0x000000ef5ab00000)]
  0x000001f2b74a5000 JavaThread "Common-Cleaner" daemon [_thread_blocked, id=1488, stack(0x000000ef5ab00000,0x000000ef5ac00000)]
  0x000001f2b74a8540 JavaThread "Notification Thread" daemon [_thread_blocked, id=12768, stack(0x000000ef5ac00000,0x000000ef5ad00000)]
  0x000001f2b8703030 JavaThread "Daemon health stats" [_thread_blocked, id=3276, stack(0x000000ef5ae00000,0x000000ef5af00000)]
  0x000001f2b93968b0 JavaThread "Daemon" [_thread_blocked, id=1884, stack(0x000000ef5b400000,0x000000ef5b500000)]
  0x000001f2b7f80870 JavaThread "Daemon worker" [_thread_blocked, id=14576, stack(0x000000ef5b700000,0x000000ef5b800000)]
  0x000001f2b7f7e890 JavaThread "Daemon client event forwarder" [_thread_blocked, id=8184, stack(0x000000ef5ba00000,0x000000ef5bb00000)]
  0x000001f2b7f7f880 JavaThread "Cache worker for journal cache (C:\Users\Vitor\.gradle\caches\journal-1)" [_thread_blocked, id=9340, stack(0x000000ef5bb00000,0x000000ef5bc00000)]
  0x000001f2b7f81860 JavaThread "File lock request listener" [_thread_in_native, id=10216, stack(0x000000ef5bc00000,0x000000ef5bd00000)]
  0x000001f2b7f81310 JavaThread "Cache worker for file hash cache (C:\Users\Vitor\.gradle\caches\7.5\fileHashes)" [_thread_in_native, id=15460, stack(0x000000ef5bd00000,0x000000ef5be00000)]
  0x000001f2b7f7e340 JavaThread "File watcher server" daemon [_thread_in_native, id=11000, stack(0x000000ef5be00000,0x000000ef5bf00000)]
  0x000001f2b7f7fdd0 JavaThread "File watcher consumer" daemon [_thread_blocked, id=15532, stack(0x000000ef5bf00000,0x000000ef5c000000)]
  0x000001f2b7f80320 JavaThread "Cache worker for checksums cache (C:\Users\Vitor\Desktop\TCC\Saborear\.gradle\7.5\checksums)" [_thread_blocked, id=15252, stack(0x000000ef5c100000,0x000000ef5c200000)]
  0x000001f2b9c03f80 JavaThread "Cache worker for cache directory md-rule (C:\Users\Vitor\.gradle\caches\7.5\md-rule)" [_thread_blocked, id=11456, stack(0x000000ef5c200000,0x000000ef5c300000)]
  0x000001f2b9c064b0 JavaThread "Cache worker for file content cache (C:\Users\Vitor\.gradle\caches\7.5\fileContent)" [_thread_blocked, id=11468, stack(0x000000ef5c300000,0x000000ef5c400000)]
  0x000001f2b9c04f70 JavaThread "Cache worker for file hash cache (C:\Users\Vitor\Desktop\TCC\Saborear\.gradle\7.5\fileHashes)" [_thread_blocked, id=10188, stack(0x000000ef5c500000,0x000000ef5c600000)]
  0x000001f2b9c01a50 JavaThread "Cache worker for cache directory md-supplier (C:\Users\Vitor\.gradle\caches\7.5\md-supplier)" [_thread_blocked, id=15436, stack(0x000000ef5c000000,0x000000ef5c100000)]
  0x000001f2b9c06a00 JavaThread "Cache worker for execution history cache (C:\Users\Vitor\.gradle\caches\7.5\executionHistory)" [_thread_blocked, id=8180, stack(0x000000ef5c600000,0x000000ef5c700000)]
  0x000001f2b9c044d0 JavaThread "jar transforms" [_thread_blocked, id=15248, stack(0x000000ef5c700000,0x000000ef5c800000)]
  0x000001f2b9c074a0 JavaThread "jar transforms Thread 2" [_thread_blocked, id=884, stack(0x000000ef5c800000,0x000000ef5c900000)]
  0x000001f2b9c01fa0 JavaThread "jar transforms Thread 3" [_thread_blocked, id=10168, stack(0x000000ef5ca00000,0x000000ef5cb00000)]
  0x000001f2b9c06f50 JavaThread "jar transforms Thread 4" [_thread_blocked, id=2956, stack(0x000000ef5cb00000,0x000000ef5cc00000)]
  0x000001f2b9bfffc0 JavaThread "Cache worker for dependencies-accessors (C:\Users\Vitor\Desktop\TCC\Saborear\.gradle\7.5\dependencies-accessors)" [_thread_blocked, id=9244, stack(0x000000ef5cc00000,0x000000ef5cd00000)]
  0x000001f2b9c024f0 JavaThread "Cache worker for Build Output Cleanup Cache (C:\Users\Vitor\Desktop\TCC\Saborear\.gradle\buildOutputCleanup)" [_thread_blocked, id=12892, stack(0x000000ef5c900000,0x000000ef5ca00000)]
  0x000001f2b9c04a20 JavaThread "Unconstrained build operations" [_thread_blocked, id=16316, stack(0x000000ef5cd00000,0x000000ef5ce00000)]
  0x000001f2b9c054c0 JavaThread "Unconstrained build operations Thread 2" [_thread_blocked, id=11796, stack(0x000000ef5ce00000,0x000000ef5cf00000)]
  0x000001f2b9c02a40 JavaThread "Unconstrained build operations Thread 3" [_thread_blocked, id=11780, stack(0x000000ef5cf00000,0x000000ef5d000000)]
  0x000001f2b9c02f90 JavaThread "Unconstrained build operations Thread 4" [_thread_blocked, id=11944, stack(0x000000ef5d000000,0x000000ef5d100000)]
  0x000001f2b9c034e0 JavaThread "Unconstrained build operations Thread 5" [_thread_blocked, id=16300, stack(0x000000ef5d100000,0x000000ef5d200000)]
  0x000001f2b9c05a10 JavaThread "Unconstrained build operations Thread 6" [_thread_blocked, id=15908, stack(0x000000ef5d200000,0x000000ef5d300000)]
  0x000001f2b9c00a60 JavaThread "Unconstrained build operations Thread 7" [_thread_blocked, id=13056, stack(0x000000ef5d300000,0x000000ef5d400000)]
  0x000001f2b9c03a30 JavaThread "Unconstrained build operations Thread 8" [_thread_blocked, id=8496, stack(0x000000ef5d400000,0x000000ef5d500000)]
  0x000001f2b9c05f60 JavaThread "Unconstrained build operations Thread 9" [_thread_blocked, id=8432, stack(0x000000ef5d500000,0x000000ef5d600000)]
  0x000001f2b9c00fb0 JavaThread "Unconstrained build operations Thread 10" [_thread_blocked, id=5612, stack(0x000000ef5d600000,0x000000ef5d700000)]
  0x000001f2b9c01500 JavaThread "Unconstrained build operations Thread 11" [_thread_blocked, id=11032, stack(0x000000ef5d700000,0x000000ef5d800000)]
  0x000001f2b80aa420 JavaThread "Unconstrained build operations Thread 12" [_thread_blocked, id=3168, stack(0x000000ef5d800000,0x000000ef5d900000)]
  0x000001f2b80a8990 JavaThread "Unconstrained build operations Thread 13" [_thread_blocked, id=6104, stack(0x000000ef5d900000,0x000000ef5da00000)]
  0x000001f2b80a69b0 JavaThread "Unconstrained build operations Thread 14" [_thread_blocked, id=15800, stack(0x000000ef5da00000,0x000000ef5db00000)]
  0x000001f2b80a7ef0 JavaThread "Unconstrained build operations Thread 15" [_thread_blocked, id=12712, stack(0x000000ef5db00000,0x000000ef5dc00000)]
  0x000001f2b80a6460 JavaThread "Unconstrained build operations Thread 16" [_thread_blocked, id=14588, stack(0x000000ef5dc00000,0x000000ef5dd00000)]
  0x000001f2b80a8ee0 JavaThread "Unconstrained build operations Thread 17" [_thread_blocked, id=10608, stack(0x000000ef5dd00000,0x000000ef5de00000)]
  0x000001f2b80a9430 JavaThread "Unconstrained build operations Thread 18" [_thread_blocked, id=13844, stack(0x000000ef5de00000,0x000000ef5df00000)]
  0x000001f2b80a49d0 JavaThread "Unconstrained build operations Thread 19" [_thread_blocked, id=13944, stack(0x000000ef5df00000,0x000000ef5e000000)]
  0x000001f2b80a9980 JavaThread "Unconstrained build operations Thread 20" [_thread_blocked, id=8228, stack(0x000000ef5e000000,0x000000ef5e100000)]
  0x000001f2b80a6f00 JavaThread "Unconstrained build operations Thread 21" [_thread_blocked, id=11368, stack(0x000000ef5e100000,0x000000ef5e200000)]
  0x000001f2b80a9ed0 JavaThread "Unconstrained build operations Thread 22" [_thread_blocked, id=12116, stack(0x000000ef5e200000,0x000000ef5e300000)]
  0x000001f2b80aa970 JavaThread "Unconstrained build operations Thread 23" [_thread_blocked, id=15144, stack(0x000000ef5e300000,0x000000ef5e400000)]
  0x000001f2b80a2f40 JavaThread "Unconstrained build operations Thread 24" [_thread_blocked, id=10544, stack(0x000000ef5e400000,0x000000ef5e500000)]
  0x000001f2b80a4480 JavaThread "Unconstrained build operations Thread 25" [_thread_blocked, id=16068, stack(0x000000ef5e500000,0x000000ef5e600000)]
  0x000001f2b80a3490 JavaThread "Unconstrained build operations Thread 26" [_thread_blocked, id=15696, stack(0x000000ef5e600000,0x000000ef5e700000)]
  0x000001f2b80a39e0 JavaThread "Unconstrained build operations Thread 27" [_thread_blocked, id=12268, stack(0x000000ef5e700000,0x000000ef5e800000)]
  0x000001f2b80a7450 JavaThread "Unconstrained build operations Thread 28" [_thread_blocked, id=2028, stack(0x000000ef5e800000,0x000000ef5e900000)]
  0x000001f2b80a3f30 JavaThread "Unconstrained build operations Thread 29" [_thread_blocked, id=5368, stack(0x000000ef5e900000,0x000000ef5ea00000)]
  0x000001f2b80a4f20 JavaThread "Unconstrained build operations Thread 30" [_thread_blocked, id=808, stack(0x000000ef5ea00000,0x000000ef5eb00000)]
  0x000001f2b80a5470 JavaThread "Unconstrained build operations Thread 31" [_thread_blocked, id=2732, stack(0x000000ef5eb00000,0x000000ef5ec00000)]
  0x000001f2b80a59c0 JavaThread "Unconstrained build operations Thread 32" [_thread_in_native, id=16284, stack(0x000000ef5ec00000,0x000000ef5ed00000)]
  0x000001f2b80a79a0 JavaThread "Unconstrained build operations Thread 33" [_thread_blocked, id=8916, stack(0x000000ef5ed00000,0x000000ef5ee00000)]
  0x000001f2b80a5f10 JavaThread "Unconstrained build operations Thread 34" [_thread_blocked, id=876, stack(0x000000ef5ee00000,0x000000ef5ef00000)]
  0x000001f2b80a8440 JavaThread "Unconstrained build operations Thread 35" [_thread_blocked, id=2700, stack(0x000000ef5ef00000,0x000000ef5f000000)]
  0x000001f2b7508e70 JavaThread "Unconstrained build operations Thread 36" [_thread_blocked, id=14236, stack(0x000000ef5f000000,0x000000ef5f100000)]
  0x000001f2b75093c0 JavaThread "Unconstrained build operations Thread 37" [_thread_blocked, id=15416, stack(0x000000ef5f100000,0x000000ef5f200000)]
  0x000001f2b7509910 JavaThread "Unconstrained build operations Thread 38" [_thread_blocked, id=9300, stack(0x000000ef5f200000,0x000000ef5f300000)]
  0x000001f2b7509e60 JavaThread "Unconstrained build operations Thread 39" [_thread_blocked, id=3340, stack(0x000000ef5f300000,0x000000ef5f400000)]
  0x000001f2b750b8f0 JavaThread "Unconstrained build operations Thread 40" [_thread_blocked, id=12808, stack(0x000000ef5f400000,0x000000ef5f500000)]
  0x000001f2b750a3b0 JavaThread "build event listener" [_thread_blocked, id=264, stack(0x000000ef5f600000,0x000000ef5f700000)]
  0x000001f2b750a900 JavaThread "Memory manager" [_thread_blocked, id=7588, stack(0x000000ef5f700000,0x000000ef5f800000)]
  0x000001f2b75083d0 JavaThread "included builds" [_thread_blocked, id=7600, stack(0x000000ef5f800000,0x000000ef5f900000)]
  0x000001f2b7508920 JavaThread "Execution worker" [_thread_blocked, id=896, stack(0x000000ef5f900000,0x000000ef5fa00000)]
  0x000001f2bdbca5d0 JavaThread "Execution worker Thread 2" [_thread_in_native, id=14220, stack(0x000000ef5fa00000,0x000000ef5fb00000)]
  0x000001f2bdbcb070 JavaThread "Execution worker Thread 3" [_thread_blocked, id=4608, stack(0x000000ef5fb00000,0x000000ef5fc00000)]
  0x000001f2bdbcb5c0 JavaThread "Cache worker for execution history cache (C:\Users\Vitor\Desktop\TCC\Saborear\.gradle\7.5\executionHistory)" [_thread_blocked, id=2232, stack(0x000000ef5fc00000,0x000000ef5fd00000)]
  0x000001f2bdbc80a0 JavaThread "WorkerExecutor Queue" [_thread_blocked, id=13624, stack(0x000000ef59800000,0x000000ef59900000)]

Other Threads:
  0x000001f2b695d060 VMThread "VM Thread" [stack: 0x000000ef5a100000,0x000000ef5a200000] [id=14548]
  0x000001f2b74a9270 WatcherThread [stack: 0x000000ef5ad00000,0x000000ef5ae00000] [id=15968]
  0x000001f297f65590 GCTaskThread "GC Thread#0" [stack: 0x000000ef59c00000,0x000000ef59d00000] [id=15620]
  0x000001f2b74f82e0 GCTaskThread "GC Thread#1" [stack: 0x000000ef5af00000,0x000000ef5b000000] [id=10364]
  0x000001f2b7a6a5d0 GCTaskThread "GC Thread#2" [stack: 0x000000ef5b000000,0x000000ef5b100000] [id=12596]
  0x000001f2b753f370 GCTaskThread "GC Thread#3" [stack: 0x000000ef5b100000,0x000000ef5b200000] [id=15916]
  0x000001f297f774f0 ConcurrentGCThread "G1 Main Marker" [stack: 0x000000ef59d00000,0x000000ef59e00000] [id=9212]
  0x000001f297f78e80 ConcurrentGCThread "G1 Conc#0" [stack: 0x000000ef59e00000,0x000000ef59f00000] [id=1368]
  0x000001f297ff10d0 ConcurrentGCThread "G1 Refine#0" [stack: 0x000000ef59f00000,0x000000ef5a000000] [id=14044]
  0x000001f2b9daa9e0 ConcurrentGCThread "G1 Refine#1" [stack: 0x000000ef5c400000,0x000000ef5c500000] [id=12024]
  0x000001f297ff1a60 ConcurrentGCThread "G1 Service" [stack: 0x000000ef5a000000,0x000000ef5a100000] [id=9876]

Threads with active compile tasks:
C2 CompilerThread0   251162 11670   !   4       org.gradle.internal.execution.fingerprint.impl.DefaultInputFingerprinter$InputCollectingVisitor::visitInputProperty (115 bytes)

VM state: at safepoint (normal execution)

VM Mutex/Monitor currently owned by a thread:  ([mutex/lock_event])
[0x000001f297f191d0] Threads_lock - owner thread: 0x000001f2b695d060
[0x000001f297f23ab0] Heap_lock - owner thread: 0x000001f2b80a8990

Heap address: 0x0000000080000000, size: 2048 MB, Compressed Oops mode: 32-bit

CDS archive(s) mapped at: [0x0000000800000000-0x0000000800be0000-0x0000000800be0000), size 12451840, SharedBaseAddress: 0x0000000800000000, ArchiveRelocationMode: 0.
Compressed class space mapped at: 0x0000000800c00000-0x0000000840c00000, reserved size: 1073741824
Narrow klass base: 0x0000000800000000, Narrow klass shift: 3, Narrow klass range: 0x100000000

GC Precious Log:
 CPUs: 4 total, 4 available
 Memory: 8127M
 Large Page Support: Disabled
 NUMA Support: Disabled
 Compressed Oops: Enabled (32-bit)
 Heap Region Size: 1M
 Heap Min Capacity: 8M
 Heap Initial Capacity: 128M
 Heap Max Capacity: 2G
 Pre-touch: Disabled
 Parallel Workers: 4
 Concurrent Workers: 1
 Concurrent Refinement Workers: 4
 Periodic GC: Disabled

Heap:
 garbage-first heap   total 206848K, used 162868K [0x0000000080000000, 0x0000000100000000)
  region size 1024K, 44 young (45056K), 0 survivors (0K)
 Metaspace       used 80762K, committed 81472K, reserved 1122304K
  class space    used 10668K, committed 11008K, reserved 1048576K

Heap Regions: E=young(eden), S=young(survivor), O=old, HS=humongous(starts), HC=humongous(continues), CS=collection set, F=free, OA=open archive, CA=closed archive, TAMS=top-at-mark-start (previous, next)
|   0|0x0000000080000000, 0x0000000080100000, 0x0000000080100000|100%|HS|  |TAMS 0x0000000080100000, 0x0000000080000000| Complete 
|   1|0x0000000080100000, 0x0000000080200000, 0x0000000080200000|100%|HC|  |TAMS 0x0000000080200000, 0x0000000080100000| Complete 
|   2|0x0000000080200000, 0x0000000080300000, 0x0000000080300000|100%|HC|  |TAMS 0x0000000080300000, 0x0000000080200000| Complete 
|   3|0x0000000080300000, 0x0000000080400000, 0x0000000080400000|100%| O|  |TAMS 0x0000000080400000, 0x0000000080300000| Untracked 
|   4|0x0000000080400000, 0x0000000080500000, 0x0000000080500000|100%| O|  |TAMS 0x0000000080500000, 0x0000000080400000| Untracked 
|   5|0x0000000080500000, 0x0000000080600000, 0x0000000080600000|100%| O|  |TAMS 0x0000000080600000, 0x0000000080500000| Untracked 
|   6|0x0000000080600000, 0x0000000080700000, 0x0000000080700000|100%| O|  |TAMS 0x0000000080700000, 0x0000000080600000| Untracked 
|   7|0x0000000080700000, 0x0000000080800000, 0x0000000080800000|100%| O|  |TAMS 0x0000000080800000, 0x0000000080700000| Untracked 
|   8|0x0000000080800000, 0x0000000080900000, 0x0000000080900000|100%| O|  |TAMS 0x0000000080900000, 0x0000000080800000| Untracked 
|   9|0x0000000080900000, 0x0000000080a00000, 0x0000000080a00000|100%| O|  |TAMS 0x0000000080a00000, 0x0000000080900000| Untracked 
|  10|0x0000000080a00000, 0x0000000080b00000, 0x0000000080b00000|100%| O|  |TAMS 0x0000000080b00000, 0x0000000080a00000| Untracked 
|  11|0x0000000080b00000, 0x0000000080c00000, 0x0000000080c00000|100%| O|  |TAMS 0x0000000080c00000, 0x0000000080b00000| Untracked 
|  12|0x0000000080c00000, 0x0000000080d00000, 0x0000000080d00000|100%| O|  |TAMS 0x0000000080d00000, 0x0000000080c00000| Untracked 
|  13|0x0000000080d00000, 0x0000000080e00000, 0x0000000080e00000|100%| O|  |TAMS 0x0000000080e00000, 0x0000000080d00000| Untracked 
|  14|0x0000000080e00000, 0x0000000080f00000, 0x0000000080f00000|100%| O|  |TAMS 0x0000000080f00000, 0x0000000080e00000| Untracked 
|  15|0x0000000080f00000, 0x0000000081000000, 0x0000000081000000|100%| O|  |TAMS 0x0000000081000000, 0x0000000080f00000| Untracked 
|  16|0x0000000081000000, 0x0000000081100000, 0x0000000081100000|100%| O|  |TAMS 0x0000000081100000, 0x0000000081000000| Untracked 
|  17|0x0000000081100000, 0x0000000081200000, 0x0000000081200000|100%| O|  |TAMS 0x0000000081200000, 0x0000000081100000| Untracked 
|  18|0x0000000081200000, 0x0000000081300000, 0x0000000081300000|100%| O|  |TAMS 0x0000000081300000, 0x0000000081200000| Untracked 
|  19|0x0000000081300000, 0x0000000081400000, 0x0000000081400000|100%| O|  |TAMS 0x0000000081400000, 0x0000000081300000| Untracked 
|  20|0x0000000081400000, 0x0000000081500000, 0x0000000081500000|100%| O|  |TAMS 0x0000000081500000, 0x0000000081400000| Untracked 
|  21|0x0000000081500000, 0x0000000081600000, 0x0000000081600000|100%| O|  |TAMS 0x0000000081600000, 0x0000000081500000| Untracked 
|  22|0x0000000081600000, 0x0000000081700000, 0x0000000081700000|100%| O|  |TAMS 0x0000000081700000, 0x0000000081600000| Untracked 
|  23|0x0000000081700000, 0x0000000081800000, 0x0000000081800000|100%| O|  |TAMS 0x0000000081800000, 0x0000000081700000| Untracked 
|  24|0x0000000081800000, 0x0000000081900000, 0x0000000081900000|100%| O|  |TAMS 0x0000000081900000, 0x0000000081800000| Untracked 
|  25|0x0000000081900000, 0x0000000081a00000, 0x0000000081a00000|100%| O|  |TAMS 0x0000000081a00000, 0x0000000081900000| Untracked 
|  26|0x0000000081a00000, 0x0000000081b00000, 0x0000000081b00000|100%|HS|  |TAMS 0x0000000081b00000, 0x0000000081a00000| Complete 
|  27|0x0000000081b00000, 0x0000000081c00000, 0x0000000081c00000|100%| O|  |TAMS 0x0000000081c00000, 0x0000000081b00000| Untracked 
|  28|0x0000000081c00000, 0x0000000081d00000, 0x0000000081d00000|100%| O|  |TAMS 0x0000000081d00000, 0x0000000081c00000| Untracked 
|  29|0x0000000081d00000, 0x0000000081e00000, 0x0000000081e00000|100%|HS|  |TAMS 0x0000000081e00000, 0x0000000081d00000| Complete 
|  30|0x0000000081e00000, 0x0000000081f00000, 0x0000000081f00000|100%| O|  |TAMS 0x0000000081f00000, 0x0000000081e00000| Untracked 
|  31|0x0000000081f00000, 0x0000000082000000, 0x0000000082000000|100%| O|  |TAMS 0x0000000082000000, 0x0000000081f00000| Untracked 
|  32|0x0000000082000000, 0x0000000082100000, 0x0000000082100000|100%| O|  |TAMS 0x0000000082100000, 0x0000000082000000| Untracked 
|  33|0x0000000082100000, 0x0000000082200000, 0x0000000082200000|100%| O|  |TAMS 0x0000000082200000, 0x0000000082100000| Untracked 
|  34|0x0000000082200000, 0x0000000082300000, 0x0000000082300000|100%| O|  |TAMS 0x0000000082300000, 0x0000000082200000| Untracked 
|  35|0x0000000082300000, 0x0000000082400000, 0x0000000082400000|100%| O|  |TAMS 0x0000000082400000, 0x0000000082300000| Untracked 
|  36|0x0000000082400000, 0x0000000082500000, 0x0000000082500000|100%| O|  |TAMS 0x0000000082500000, 0x0000000082400000| Untracked 
|  37|0x0000000082500000, 0x0000000082600000, 0x0000000082600000|100%| O|  |TAMS 0x0000000082600000, 0x0000000082500000| Untracked 
|  38|0x0000000082600000, 0x0000000082700000, 0x0000000082700000|100%| O|  |TAMS 0x0000000082700000, 0x0000000082600000| Untracked 
|  39|0x0000000082700000, 0x0000000082800000, 0x0000000082800000|100%| O|  |TAMS 0x0000000082800000, 0x0000000082700000| Untracked 
|  40|0x0000000082800000, 0x0000000082900000, 0x0000000082900000|100%| O|  |TAMS 0x0000000082900000, 0x0000000082800000| Untracked 
|  41|0x0000000082900000, 0x0000000082a00000, 0x0000000082a00000|100%| O|  |TAMS 0x0000000082a00000, 0x0000000082900000| Untracked 
|  42|0x0000000082a00000, 0x0000000082b00000, 0x0000000082b00000|100%| O|  |TAMS 0x0000000082b00000, 0x0000000082a00000| Untracked 
|  43|0x0000000082b00000, 0x0000000082c00000, 0x0000000082c00000|100%| O|  |TAMS 0x0000000082c00000, 0x0000000082b00000| Untracked 
|  44|0x0000000082c00000, 0x0000000082d00000, 0x0000000082d00000|100%| O|  |TAMS 0x0000000082d00000, 0x0000000082c00000| Untracked 
|  45|0x0000000082d00000, 0x0000000082e00000, 0x0000000082e00000|100%| O|  |TAMS 0x0000000082e00000, 0x0000000082d00000| Untracked 
|  46|0x0000000082e00000, 0x0000000082f00000, 0x0000000082f00000|100%| O|  |TAMS 0x0000000082f00000, 0x0000000082e00000| Untracked 
|  47|0x0000000082f00000, 0x0000000083000000, 0x0000000083000000|100%| O|  |TAMS 0x0000000083000000, 0x0000000082f00000| Untracked 
|  48|0x0000000083000000, 0x0000000083100000, 0x0000000083100000|100%| O|  |TAMS 0x0000000083100000, 0x0000000083000000| Untracked 
|  49|0x0000000083100000, 0x0000000083200000, 0x0000000083200000|100%| O|  |TAMS 0x0000000083200000, 0x0000000083100000| Untracked 
|  50|0x0000000083200000, 0x0000000083300000, 0x0000000083300000|100%| O|  |TAMS 0x0000000083300000, 0x0000000083200000| Untracked 
|  51|0x0000000083300000, 0x0000000083400000, 0x0000000083400000|100%| O|  |TAMS 0x0000000083400000, 0x0000000083300000| Untracked 
|  52|0x0000000083400000, 0x0000000083500000, 0x0000000083500000|100%| O|  |TAMS 0x0000000083500000, 0x0000000083400000| Untracked 
|  53|0x0000000083500000, 0x0000000083600000, 0x0000000083600000|100%| O|  |TAMS 0x0000000083600000, 0x0000000083500000| Untracked 
|  54|0x0000000083600000, 0x0000000083700000, 0x0000000083700000|100%| O|  |TAMS 0x0000000083700000, 0x0000000083600000| Untracked 
|  55|0x0000000083700000, 0x0000000083800000, 0x0000000083800000|100%| O|  |TAMS 0x0000000083800000, 0x0000000083700000| Untracked 
|  56|0x0000000083800000, 0x0000000083900000, 0x0000000083900000|100%| O|  |TAMS 0x0000000083900000, 0x0000000083800000| Untracked 
|  57|0x0000000083900000, 0x0000000083a00000, 0x0000000083a00000|100%| O|  |TAMS 0x0000000083a00000, 0x0000000083900000| Untracked 
|  58|0x0000000083a00000, 0x0000000083b00000, 0x0000000083b00000|100%| O|  |TAMS 0x0000000083b00000, 0x0000000083a00000| Untracked 
|  59|0x0000000083b00000, 0x0000000083c00000, 0x0000000083c00000|100%| O|  |TAMS 0x0000000083c00000, 0x0000000083b00000| Untracked 
|  60|0x0000000083c00000, 0x0000000083d00000, 0x0000000083d00000|100%| O|  |TAMS 0x0000000083d00000, 0x0000000083c00000| Untracked 
|  61|0x0000000083d00000, 0x0000000083e00000, 0x0000000083e00000|100%| O|  |TAMS 0x0000000083e00000, 0x0000000083d00000| Untracked 
|  62|0x0000000083e00000, 0x0000000083f00000, 0x0000000083f00000|100%| O|  |TAMS 0x0000000083f00000, 0x0000000083e00000| Untracked 
|  63|0x0000000083f00000, 0x0000000084000000, 0x0000000084000000|100%| O|  |TAMS 0x0000000084000000, 0x0000000083f00000| Untracked 
|  64|0x0000000084000000, 0x0000000084100000, 0x0000000084100000|100%| O|  |TAMS 0x0000000084100000, 0x0000000084000000| Untracked 
|  65|0x0000000084100000, 0x0000000084200000, 0x0000000084200000|100%| O|  |TAMS 0x0000000084200000, 0x0000000084100000| Untracked 
|  66|0x0000000084200000, 0x0000000084300000, 0x0000000084300000|100%| O|  |TAMS 0x0000000084300000, 0x0000000084200000| Untracked 
|  67|0x0000000084300000, 0x0000000084400000, 0x0000000084400000|100%| O|  |TAMS 0x0000000084400000, 0x0000000084300000| Untracked 
|  68|0x0000000084400000, 0x0000000084500000, 0x0000000084500000|100%| O|  |TAMS 0x0000000084500000, 0x0000000084400000| Untracked 
|  69|0x0000000084500000, 0x0000000084600000, 0x0000000084600000|100%| O|  |TAMS 0x0000000084600000, 0x0000000084500000| Untracked 
|  70|0x0000000084600000, 0x0000000084700000, 0x0000000084700000|100%| O|  |TAMS 0x0000000084700000, 0x0000000084600000| Untracked 
|  71|0x0000000084700000, 0x0000000084800000, 0x0000000084800000|100%| O|  |TAMS 0x0000000084800000, 0x0000000084700000| Untracked 
|  72|0x0000000084800000, 0x0000000084900000, 0x0000000084900000|100%| O|  |TAMS 0x0000000084900000, 0x0000000084800000| Untracked 
|  73|0x0000000084900000, 0x0000000084a00000, 0x0000000084a00000|100%| O|  |TAMS 0x0000000084a00000, 0x0000000084900000| Untracked 
|  74|0x0000000084a00000, 0x0000000084b00000, 0x0000000084b00000|100%| O|  |TAMS 0x0000000084b00000, 0x0000000084a00000| Untracked 
|  75|0x0000000084b00000, 0x0000000084c00000, 0x0000000084c00000|100%| O|  |TAMS 0x0000000084c00000, 0x0000000084b00000| Untracked 
|  76|0x0000000084c00000, 0x0000000084d00000, 0x0000000084d00000|100%| O|  |TAMS 0x0000000084d00000, 0x0000000084c00000| Untracked 
|  77|0x0000000084d00000, 0x0000000084e00000, 0x0000000084e00000|100%| O|  |TAMS 0x0000000084e00000, 0x0000000084d00000| Untracked 
|  78|0x0000000084e00000, 0x0000000084f00000, 0x0000000084f00000|100%| O|  |TAMS 0x0000000084f00000, 0x0000000084e00000| Untracked 
|  79|0x0000000084f00000, 0x0000000085000000, 0x0000000085000000|100%| O|  |TAMS 0x0000000085000000, 0x0000000084f00000| Untracked 
|  80|0x0000000085000000, 0x0000000085100000, 0x0000000085100000|100%| O|  |TAMS 0x0000000085100000, 0x0000000085000000| Untracked 
|  81|0x0000000085100000, 0x0000000085200000, 0x0000000085200000|100%| O|  |TAMS 0x0000000085200000, 0x0000000085100000| Untracked 
|  82|0x0000000085200000, 0x0000000085300000, 0x0000000085300000|100%| O|  |TAMS 0x0000000085300000, 0x0000000085200000| Untracked 
|  83|0x0000000085300000, 0x0000000085400000, 0x0000000085400000|100%| O|  |TAMS 0x0000000085400000, 0x0000000085300000| Untracked 
|  84|0x0000000085400000, 0x0000000085500000, 0x0000000085500000|100%| O|  |TAMS 0x0000000085500000, 0x0000000085400000| Untracked 
|  85|0x0000000085500000, 0x0000000085600000, 0x0000000085600000|100%| O|  |TAMS 0x0000000085600000, 0x0000000085500000| Untracked 
|  86|0x0000000085600000, 0x0000000085700000, 0x0000000085700000|100%| O|  |TAMS 0x0000000085700000, 0x0000000085600000| Untracked 
|  87|0x0000000085700000, 0x0000000085800000, 0x0000000085800000|100%| O|  |TAMS 0x0000000085800000, 0x0000000085700000| Untracked 
|  88|0x0000000085800000, 0x0000000085900000, 0x0000000085900000|100%| O|  |TAMS 0x0000000085900000, 0x0000000085800000| Untracked 
|  89|0x0000000085900000, 0x0000000085a00000, 0x0000000085a00000|100%| O|  |TAMS 0x0000000085a00000, 0x0000000085900000| Untracked 
|  90|0x0000000085a00000, 0x0000000085b00000, 0x0000000085b00000|100%| O|  |TAMS 0x0000000085b00000, 0x0000000085a00000| Untracked 
|  91|0x0000000085b00000, 0x0000000085c00000, 0x0000000085c00000|100%| O|  |TAMS 0x0000000085c00000, 0x0000000085b00000| Untracked 
|  92|0x0000000085c00000, 0x0000000085d00000, 0x0000000085d00000|100%| O|  |TAMS 0x0000000085d00000, 0x0000000085c00000| Untracked 
|  93|0x0000000085d00000, 0x0000000085e00000, 0x0000000085e00000|100%| O|  |TAMS 0x0000000085e00000, 0x0000000085d00000| Untracked 
|  94|0x0000000085e00000, 0x0000000085f00000, 0x0000000085f00000|100%| O|  |TAMS 0x0000000085f00000, 0x0000000085e00000| Untracked 
|  95|0x0000000085f00000, 0x0000000086000000, 0x0000000086000000|100%| O|  |TAMS 0x0000000086000000, 0x0000000085f00000| Untracked 
|  96|0x0000000086000000, 0x0000000086100000, 0x0000000086100000|100%| O|  |TAMS 0x0000000086100000, 0x0000000086000000| Untracked 
|  97|0x0000000086100000, 0x0000000086200000, 0x0000000086200000|100%| O|  |TAMS 0x0000000086200000, 0x0000000086100000| Untracked 
|  98|0x0000000086200000, 0x0000000086300000, 0x0000000086300000|100%| O|  |TAMS 0x0000000086300000, 0x0000000086200000| Untracked 
|  99|0x0000000086300000, 0x0000000086400000, 0x0000000086400000|100%| O|  |TAMS 0x0000000086400000, 0x0000000086300000| Untracked 
| 100|0x0000000086400000, 0x0000000086500000, 0x0000000086500000|100%| O|  |TAMS 0x0000000086500000, 0x0000000086400000| Untracked 
| 101|0x0000000086500000, 0x0000000086500000, 0x0000000086600000|  0%| F|  |TAMS 0x0000000086500000, 0x0000000086500000| Untracked 
| 102|0x0000000086600000, 0x0000000086700000, 0x0000000086700000|100%| O|  |TAMS 0x0000000086700000, 0x0000000086600000| Untracked 
| 103|0x0000000086700000, 0x0000000086800000, 0x0000000086800000|100%| O|  |TAMS 0x0000000086800000, 0x0000000086700000| Untracked 
| 104|0x0000000086800000, 0x0000000086900000, 0x0000000086900000|100%|HS|  |TAMS 0x0000000086800000, 0x0000000086800000| Complete 
| 105|0x0000000086900000, 0x0000000086a00000, 0x0000000086a00000|100%|HC|  |TAMS 0x0000000086900000, 0x0000000086900000| Complete 
| 106|0x0000000086a00000, 0x0000000086b00000, 0x0000000086b00000|100%|HC|  |TAMS 0x0000000086a00000, 0x0000000086a00000| Complete 
| 107|0x0000000086b00000, 0x0000000086c00000, 0x0000000086c00000|100%|HC|  |TAMS 0x0000000086b00000, 0x0000000086b00000| Complete 
| 108|0x0000000086c00000, 0x0000000086c00000, 0x0000000086d00000|  0%| F|  |TAMS 0x0000000086c00000, 0x0000000086c00000| Untracked 
| 109|0x0000000086d00000, 0x0000000086d00000, 0x0000000086e00000|  0%| F|  |TAMS 0x0000000086d00000, 0x0000000086d00000| Untracked 
| 110|0x0000000086e00000, 0x0000000086e00000, 0x0000000086f00000|  0%| F|  |TAMS 0x0000000086e00000, 0x0000000086e00000| Untracked 
| 111|0x0000000086f00000, 0x0000000086f00000, 0x0000000087000000|  0%| F|  |TAMS 0x0000000086f00000, 0x0000000086f00000| Untracked 
| 112|0x0000000087000000, 0x0000000087100000, 0x0000000087100000|100%|HS|  |TAMS 0x0000000087100000, 0x0000000087000000| Complete 
| 113|0x0000000087100000, 0x0000000087200000, 0x0000000087200000|100%|HC|  |TAMS 0x0000000087200000, 0x0000000087100000| Complete 
| 114|0x0000000087200000, 0x0000000087300000, 0x0000000087300000|100%|HC|  |TAMS 0x0000000087300000, 0x0000000087200000| Complete 
| 115|0x0000000087300000, 0x0000000087400000, 0x0000000087400000|100%|HC|  |TAMS 0x0000000087400000, 0x0000000087300000| Complete 
| 116|0x0000000087400000, 0x0000000087500000, 0x0000000087500000|100%| O|  |TAMS 0x0000000087400000, 0x0000000087400000| Untracked 
| 117|0x0000000087500000, 0x0000000087600000, 0x0000000087600000|100%| O|  |TAMS 0x0000000087500000, 0x0000000087500000| Untracked 
| 118|0x0000000087600000, 0x0000000087700000, 0x0000000087700000|100%| O|  |TAMS 0x0000000087600000, 0x0000000087600000| Untracked 
| 119|0x0000000087700000, 0x0000000087780000, 0x0000000087800000| 50%| O|  |TAMS 0x0000000087700000, 0x0000000087700000| Untracked 
| 120|0x0000000087800000, 0x0000000087800000, 0x0000000087900000|  0%| F|  |TAMS 0x0000000087800000, 0x0000000087800000| Untracked 
| 121|0x0000000087900000, 0x0000000087900000, 0x0000000087a00000|  0%| F|  |TAMS 0x0000000087900000, 0x0000000087900000| Untracked 
| 122|0x0000000087a00000, 0x0000000087a00000, 0x0000000087b00000|  0%| F|  |TAMS 0x0000000087a00000, 0x0000000087a00000| Untracked 
| 123|0x0000000087b00000, 0x0000000087b00000, 0x0000000087c00000|  0%| F|  |TAMS 0x0000000087b00000, 0x0000000087b00000| Untracked 
| 124|0x0000000087c00000, 0x0000000087c00000, 0x0000000087d00000|  0%| F|  |TAMS 0x0000000087c00000, 0x0000000087c00000| Untracked 
| 125|0x0000000087d00000, 0x0000000087d00000, 0x0000000087e00000|  0%| F|  |TAMS 0x0000000087d00000, 0x0000000087d00000| Untracked 
| 126|0x0000000087e00000, 0x0000000087e00000, 0x0000000087f00000|  0%| F|  |TAMS 0x0000000087e00000, 0x0000000087e00000| Untracked 
| 127|0x0000000087f00000, 0x0000000087f00000, 0x0000000088000000|  0%| F|  |TAMS 0x0000000087f00000, 0x0000000087f00000| Untracked 
| 128|0x0000000088000000, 0x0000000088000000, 0x0000000088100000|  0%| F|  |TAMS 0x0000000088000000, 0x0000000088000000| Untracked 
| 129|0x0000000088100000, 0x0000000088100000, 0x0000000088200000|  0%| F|  |TAMS 0x0000000088100000, 0x0000000088100000| Untracked 
| 130|0x0000000088200000, 0x0000000088200000, 0x0000000088300000|  0%| F|  |TAMS 0x0000000088200000, 0x0000000088200000| Untracked 
| 131|0x0000000088300000, 0x0000000088300000, 0x0000000088400000|  0%| F|  |TAMS 0x0000000088300000, 0x0000000088300000| Untracked 
| 132|0x0000000088400000, 0x0000000088400000, 0x0000000088500000|  0%| F|  |TAMS 0x0000000088400000, 0x0000000088400000| Untracked 
| 133|0x0000000088500000, 0x0000000088500000, 0x0000000088600000|  0%| F|  |TAMS 0x0000000088500000, 0x0000000088500000| Untracked 
| 134|0x0000000088600000, 0x0000000088600000, 0x0000000088700000|  0%| F|  |TAMS 0x0000000088600000, 0x0000000088600000| Untracked 
| 135|0x0000000088700000, 0x0000000088700000, 0x0000000088800000|  0%| F|  |TAMS 0x0000000088700000, 0x0000000088700000| Untracked 
| 136|0x0000000088800000, 0x0000000088800000, 0x0000000088900000|  0%| F|  |TAMS 0x0000000088800000, 0x0000000088800000| Untracked 
| 137|0x0000000088900000, 0x0000000088900000, 0x0000000088a00000|  0%| F|  |TAMS 0x0000000088900000, 0x0000000088900000| Untracked 
| 138|0x0000000088a00000, 0x0000000088a00000, 0x0000000088b00000|  0%| F|  |TAMS 0x0000000088a00000, 0x0000000088a00000| Untracked 
| 139|0x0000000088b00000, 0x0000000088b00000, 0x0000000088c00000|  0%| F|  |TAMS 0x0000000088b00000, 0x0000000088b00000| Untracked 
| 140|0x0000000088c00000, 0x0000000088c00000, 0x0000000088d00000|  0%| F|  |TAMS 0x0000000088c00000, 0x0000000088c00000| Untracked 
| 141|0x0000000088d00000, 0x0000000088d00000, 0x0000000088e00000|  0%| F|  |TAMS 0x0000000088d00000, 0x0000000088d00000| Untracked 
| 142|0x0000000088e00000, 0x0000000088e00000, 0x0000000088f00000|  0%| F|  |TAMS 0x0000000088e00000, 0x0000000088e00000| Untracked 
| 143|0x0000000088f00000, 0x0000000088f00000, 0x0000000089000000|  0%| F|  |TAMS 0x0000000088f00000, 0x0000000088f00000| Untracked 
| 144|0x0000000089000000, 0x0000000089000000, 0x0000000089100000|  0%| F|  |TAMS 0x0000000089000000, 0x0000000089000000| Untracked 
| 145|0x0000000089100000, 0x0000000089100000, 0x0000000089200000|  0%| F|  |TAMS 0x0000000089100000, 0x0000000089100000| Untracked 
| 146|0x0000000089200000, 0x0000000089200000, 0x0000000089300000|  0%| F|  |TAMS 0x0000000089200000, 0x0000000089200000| Untracked 
| 147|0x0000000089300000, 0x0000000089300000, 0x0000000089400000|  0%| F|  |TAMS 0x0000000089300000, 0x0000000089300000| Untracked 
| 148|0x0000000089400000, 0x0000000089400000, 0x0000000089500000|  0%| F|  |TAMS 0x0000000089400000, 0x0000000089400000| Untracked 
| 149|0x0000000089500000, 0x0000000089500000, 0x0000000089600000|  0%| F|  |TAMS 0x0000000089500000, 0x0000000089500000| Untracked 
| 150|0x0000000089600000, 0x0000000089600000, 0x0000000089700000|  0%| F|  |TAMS 0x0000000089600000, 0x0000000089600000| Untracked 
| 151|0x0000000089700000, 0x0000000089700000, 0x0000000089800000|  0%| F|  |TAMS 0x0000000089700000, 0x0000000089700000| Untracked 
| 152|0x0000000089800000, 0x0000000089800000, 0x0000000089900000|  0%| F|  |TAMS 0x0000000089800000, 0x0000000089800000| Untracked 
| 153|0x0000000089900000, 0x0000000089900000, 0x0000000089a00000|  0%| F|  |TAMS 0x0000000089900000, 0x0000000089900000| Untracked 
| 154|0x0000000089a00000, 0x0000000089a00000, 0x0000000089b00000|  0%| F|  |TAMS 0x0000000089a00000, 0x0000000089a00000| Untracked 
| 155|0x0000000089b00000, 0x0000000089b00000, 0x0000000089c00000|  0%| F|  |TAMS 0x0000000089b00000, 0x0000000089b00000| Untracked 
| 156|0x0000000089c00000, 0x0000000089c00000, 0x0000000089d00000|  0%| F|  |TAMS 0x0000000089c00000, 0x0000000089c00000| Untracked 
| 157|0x0000000089d00000, 0x0000000089e00000, 0x0000000089e00000|100%| E|CS|TAMS 0x0000000089d00000, 0x0000000089d00000| Complete 
| 158|0x0000000089e00000, 0x0000000089f00000, 0x0000000089f00000|100%| E|CS|TAMS 0x0000000089e00000, 0x0000000089e00000| Complete 
| 159|0x0000000089f00000, 0x000000008a000000, 0x000000008a000000|100%| E|CS|TAMS 0x0000000089f00000, 0x0000000089f00000| Complete 
| 160|0x000000008a000000, 0x000000008a100000, 0x000000008a100000|100%| E|CS|TAMS 0x000000008a000000, 0x000000008a000000| Complete 
| 161|0x000000008a100000, 0x000000008a200000, 0x000000008a200000|100%| E|CS|TAMS 0x000000008a100000, 0x000000008a100000| Complete 
| 162|0x000000008a200000, 0x000000008a300000, 0x000000008a300000|100%| E|CS|TAMS 0x000000008a200000, 0x000000008a200000| Complete 
| 163|0x000000008a300000, 0x000000008a400000, 0x000000008a400000|100%| E|CS|TAMS 0x000000008a300000, 0x000000008a300000| Complete 
| 164|0x000000008a400000, 0x000000008a500000, 0x000000008a500000|100%| E|CS|TAMS 0x000000008a400000, 0x000000008a400000| Complete 
| 165|0x000000008a500000, 0x000000008a600000, 0x000000008a600000|100%| E|CS|TAMS 0x000000008a500000, 0x000000008a500000| Complete 
| 166|0x000000008a600000, 0x000000008a700000, 0x000000008a700000|100%| E|CS|TAMS 0x000000008a600000, 0x000000008a600000| Complete 
| 167|0x000000008a700000, 0x000000008a800000, 0x000000008a800000|100%| E|CS|TAMS 0x000000008a700000, 0x000000008a700000| Complete 
| 168|0x000000008a800000, 0x000000008a900000, 0x000000008a900000|100%| E|CS|TAMS 0x000000008a800000, 0x000000008a800000| Complete 
| 169|0x000000008a900000, 0x000000008aa00000, 0x000000008aa00000|100%| E|CS|TAMS 0x000000008a900000, 0x000000008a900000| Complete 
| 170|0x000000008aa00000, 0x000000008ab00000, 0x000000008ab00000|100%| E|CS|TAMS 0x000000008aa00000, 0x000000008aa00000| Complete 
| 171|0x000000008ab00000, 0x000000008ac00000, 0x000000008ac00000|100%| E|CS|TAMS 0x000000008ab00000, 0x000000008ab00000| Complete 
| 172|0x000000008ac00000, 0x000000008ad00000, 0x000000008ad00000|100%| E|CS|TAMS 0x000000008ac00000, 0x000000008ac00000| Complete 
| 173|0x000000008ad00000, 0x000000008ae00000, 0x000000008ae00000|100%| E|CS|TAMS 0x000000008ad00000, 0x000000008ad00000| Complete 
| 174|0x000000008ae00000, 0x000000008af00000, 0x000000008af00000|100%| E|CS|TAMS 0x000000008ae00000, 0x000000008ae00000| Complete 
| 175|0x000000008af00000, 0x000000008b000000, 0x000000008b000000|100%| E|CS|TAMS 0x000000008af00000, 0x000000008af00000| Complete 
| 176|0x000000008b000000, 0x000000008b100000, 0x000000008b100000|100%| E|CS|TAMS 0x000000008b000000, 0x000000008b000000| Complete 
| 177|0x000000008b100000, 0x000000008b200000, 0x000000008b200000|100%| E|CS|TAMS 0x000000008b100000, 0x000000008b100000| Complete 
| 178|0x000000008b200000, 0x000000008b300000, 0x000000008b300000|100%| E|CS|TAMS 0x000000008b200000, 0x000000008b200000| Complete 
| 179|0x000000008b300000, 0x000000008b400000, 0x000000008b400000|100%| E|CS|TAMS 0x000000008b300000, 0x000000008b300000| Complete 
| 180|0x000000008b400000, 0x000000008b500000, 0x000000008b500000|100%| E|CS|TAMS 0x000000008b400000, 0x000000008b400000| Complete 
| 181|0x000000008b500000, 0x000000008b600000, 0x000000008b600000|100%| E|CS|TAMS 0x000000008b500000, 0x000000008b500000| Complete 
| 182|0x000000008b600000, 0x000000008b700000, 0x000000008b700000|100%| E|CS|TAMS 0x000000008b600000, 0x000000008b600000| Complete 
| 183|0x000000008b700000, 0x000000008b800000, 0x000000008b800000|100%| E|CS|TAMS 0x000000008b700000, 0x000000008b700000| Complete 
| 184|0x000000008b800000, 0x000000008b900000, 0x000000008b900000|100%| E|CS|TAMS 0x000000008b800000, 0x000000008b800000| Complete 
| 185|0x000000008b900000, 0x000000008ba00000, 0x000000008ba00000|100%| E|CS|TAMS 0x000000008b900000, 0x000000008b900000| Complete 
| 186|0x000000008ba00000, 0x000000008bb00000, 0x000000008bb00000|100%| E|CS|TAMS 0x000000008ba00000, 0x000000008ba00000| Complete 
| 187|0x000000008bb00000, 0x000000008bc00000, 0x000000008bc00000|100%| E|CS|TAMS 0x000000008bb00000, 0x000000008bb00000| Complete 
| 188|0x000000008bc00000, 0x000000008bd00000, 0x000000008bd00000|100%| E|CS|TAMS 0x000000008bc00000, 0x000000008bc00000| Complete 
| 189|0x000000008bd00000, 0x000000008be00000, 0x000000008be00000|100%| E|CS|TAMS 0x000000008bd00000, 0x000000008bd00000| Complete 
| 190|0x000000008be00000, 0x000000008bf00000, 0x000000008bf00000|100%| E|CS|TAMS 0x000000008be00000, 0x000000008be00000| Complete 
| 191|0x000000008bf00000, 0x000000008c000000, 0x000000008c000000|100%| E|CS|TAMS 0x000000008bf00000, 0x000000008bf00000| Complete 
| 192|0x000000008c000000, 0x000000008c100000, 0x000000008c100000|100%| E|CS|TAMS 0x000000008c000000, 0x000000008c000000| Complete 
| 193|0x000000008c100000, 0x000000008c200000, 0x000000008c200000|100%| E|CS|TAMS 0x000000008c100000, 0x000000008c100000| Complete 
| 194|0x000000008c200000, 0x000000008c300000, 0x000000008c300000|100%| E|CS|TAMS 0x000000008c200000, 0x000000008c200000| Complete 
| 195|0x000000008c300000, 0x000000008c400000, 0x000000008c400000|100%| E|CS|TAMS 0x000000008c300000, 0x000000008c300000| Complete 
| 196|0x000000008c400000, 0x000000008c500000, 0x000000008c500000|100%| E|CS|TAMS 0x000000008c400000, 0x000000008c400000| Complete 
| 197|0x000000008c500000, 0x000000008c600000, 0x000000008c600000|100%| E|CS|TAMS 0x000000008c500000, 0x000000008c500000| Complete 
| 198|0x000000008c600000, 0x000000008c700000, 0x000000008c700000|100%| E|CS|TAMS 0x000000008c600000, 0x000000008c600000| Complete 
| 199|0x000000008c700000, 0x000000008c800000, 0x000000008c800000|100%| E|CS|TAMS 0x000000008c700000, 0x000000008c700000| Complete 
| 200|0x000000008c800000, 0x000000008c900000, 0x000000008c900000|100%| E|CS|TAMS 0x000000008c800000, 0x000000008c800000| Complete 
| 201|0x000000008c900000, 0x000000008c98d120, 0x000000008ca00000| 55%| E|CS|TAMS 0x000000008c900000, 0x000000008c900000| Complete 

Card table byte_map: [0x000001f2afd00000,0x000001f2b0100000] _byte_map_base: 0x000001f2af900000

Marking Bits (Prev, Next): (CMBitMap*) 0x000001f297f66b60, (CMBitMap*) 0x000001f297f66b20
 Prev Bits: [0x000001f2b2500000, 0x000001f2b4500000)
 Next Bits: [0x000001f2b0500000, 0x000001f2b2500000)

Polling page: 0x000001f297710000

Metaspace:

Usage:
  Non-class:     68.45 MB used.
      Class:     10.42 MB used.
       Both:     78.87 MB used.

Virtual space:
  Non-class space:       72.00 MB reserved,      68.81 MB ( 96%) committed,  9 nodes.
      Class space:        1.00 GB reserved,      10.75 MB (  1%) committed,  1 nodes.
              Both:        1.07 GB reserved,      79.56 MB (  7%) committed. 

Chunk freelists:
   Non-Class:  2.92 MB
       Class:  1.17 MB
        Both:  4.08 MB

MaxMetaspaceSize: 17179869184.00 GB
CompressedClassSpaceSize: 1.00 GB
 - commit_granule_bytes: 65536.
 - commit_granule_words: 8192.
 - virtual_space_node_default_size: 1048576.
 - enlarge_chunks_in_place: 1.
 - new_chunks_are_fully_committed: 0.
 - uncommit_free_chunks: 1.
 - use_allocation_guard: 0.
 - handle_deallocations: 1.


Internal statistics:

num_allocs_failed_limit: 6.
num_arena_births: 926.
num_arena_deaths: 0.
num_vsnodes_births: 10.
num_vsnodes_deaths: 0.
num_space_committed: 1272.
num_space_uncommitted: 0.
num_chunks_returned_to_freelist: 6.
num_chunks_taken_from_freelist: 4262.
num_chunk_merges: 3.
num_chunk_splits: 2727.
num_chunks_enlarged: 1799.
num_purges: 0.

CodeHeap 'non-profiled nmethods': size=120000Kb used=7382Kb max_used=7382Kb free=112617Kb
 bounds [0x000001f2a83d0000, 0x000001f2a8b10000, 0x000001f2af900000]
CodeHeap 'profiled nmethods': size=120000Kb used=19903Kb max_used=19903Kb free=100096Kb
 bounds [0x000001f2a0ea0000, 0x000001f2a2220000, 0x000001f2a83d0000]
CodeHeap 'non-nmethods': size=5760Kb used=2400Kb max_used=2546Kb free=3360Kb
 bounds [0x000001f2a0900000, 0x000001f2a0b90000, 0x000001f2a0ea0000]
 total_blobs=11023 nmethods=10095 adapters=839
 compilation: enabled
              stopped_count=0, restarted_count=0
 full_count=0

Compilation events (20 events):
Event: 229.999 Thread 0x000001f2b69924d0 nmethod 11662 0x000001f2a220b990 code [0x000001f2a220bc00, 0x000001f2a220c808]
Event: 232.583 Thread 0x000001f2b69924d0 11664       3       java.util.stream.ReferencePipeline::flatMap (30 bytes)
Event: 233.232 Thread 0x000001f2b69924d0 nmethod 11664 0x000001f2a220cb90 code [0x000001f2a220cd80, 0x000001f2a220d2b8]
Event: 236.759 Thread 0x000001f2b69924d0 11666       3       org.gradle.internal.logging.text.AbstractStyledTextOutput::style (20 bytes)
Event: 236.759 Thread 0x000001f2b69924d0 nmethod 11666 0x000001f2a220d510 code [0x000001f2a220d6c0, 0x000001f2a220d948]
Event: 236.902 Thread 0x000001f2b69924d0 11667       3       sun.util.locale.LocaleUtils::isAlphaNumeric (20 bytes)
Event: 236.903 Thread 0x000001f2b69924d0 nmethod 11667 0x000001f2a220da10 code [0x000001f2a220dbc0, 0x000001f2a220df98]
Event: 237.463 Thread 0x000001f2b6982ee0 11668       4       jdk.internal.reflect.ClassFileAssembler::setStack (25 bytes)
Event: 237.465 Thread 0x000001f2b6982ee0 nmethod 11668 0x000001f2a8b05310 code [0x000001f2a8b05480, 0x000001f2a8b05518]
Event: 237.832 Thread 0x000001f2b69924d0 11669   !   3       java.io.PrintStream::write (83 bytes)
Event: 239.793 Thread 0x000001f2b69924d0 nmethod 11669 0x000001f2a220e090 code [0x000001f2a220e340, 0x000001f2a220efb8]
Event: 239.831 Thread 0x000001f2b6982ee0 11670   !   4       org.gradle.internal.execution.fingerprint.impl.DefaultInputFingerprinter$InputCollectingVisitor::visitInputProperty (115 bytes)
Event: 239.859 Thread 0x000001f2b69924d0 11671       3       org.gradle.internal.work.DefaultWorkerLeaseService::acquireLocksWithoutWorkerLeaseWhileBlocked (22 bytes)
Event: 240.054 Thread 0x000001f2b69924d0 nmethod 11671 0x000001f2a220f610 code [0x000001f2a220f7e0, 0x000001f2a220fbd8]
Event: 240.055 Thread 0x000001f2b69924d0 11672       3       org.gradle.internal.resources.DefaultResourceLockCoordinationService::tryLock (10 bytes)
Event: 240.251 Thread 0x000001f2b69924d0 nmethod 11672 0x000001f2a8b05610 code [0x000001f2a8b057c0, 0x000001f2a8b05a38]
Event: 240.251 Thread 0x000001f2b69924d0 11673       3       org.gradle.internal.resources.DefaultResourceLockCoordinationService$2::<init> (15 bytes)
Event: 240.500 Thread 0x000001f2b69924d0 nmethod 11673 0x000001f2a220fd90 code [0x000001f2a220ff40, 0x000001f2a2210158]
Event: 240.500 Thread 0x000001f2b69924d0 11674       3       org.gradle.internal.resources.DefaultResourceLockCoordinationService::withStateLock (15 bytes)
Event: 240.528 Thread 0x000001f2b69924d0 nmethod 11674 0x000001f2a2210210 code [0x000001f2a22103e0, 0x000001f2a2210708]

GC Heap History (20 events):
Event: 22.673 GC heap before
{Heap before GC invocations=38 (full 0):
 garbage-first heap   total 106496K, used 87159K [0x0000000080000000, 0x0000000100000000)
  region size 1024K, 27 young (27648K), 3 survivors (3072K)
 Metaspace       used 66919K, committed 67584K, reserved 1114112K
  class space    used 9048K, committed 9344K, reserved 1048576K
}
Event: 22.680 GC heap after
{Heap after GC invocations=39 (full 0):
 garbage-first heap   total 128000K, used 64007K [0x0000000080000000, 0x0000000100000000)
  region size 1024K, 2 young (2048K), 2 survivors (2048K)
 Metaspace       used 66919K, committed 67584K, reserved 1114112K
  class space    used 9048K, committed 9344K, reserved 1048576K
}
Event: 23.603 GC heap before
{Heap before GC invocations=40 (full 0):
 garbage-first heap   total 128000K, used 105991K [0x0000000080000000, 0x0000000100000000)
  region size 1024K, 43 young (44032K), 2 survivors (2048K)
 Metaspace       used 70688K, committed 71360K, reserved 1114112K
  class space    used 9494K, committed 9792K, reserved 1048576K
}
Event: 23.610 GC heap after
{Heap after GC invocations=41 (full 0):
 garbage-first heap   total 128000K, used 67584K [0x0000000080000000, 0x0000000100000000)
  region size 1024K, 5 young (5120K), 5 survivors (5120K)
 Metaspace       used 70688K, committed 71360K, reserved 1114112K
  class space    used 9494K, committed 9792K, reserved 1048576K
}
Event: 25.760 GC heap before
{Heap before GC invocations=41 (full 0):
 garbage-first heap   total 128000K, used 105472K [0x0000000080000000, 0x0000000100000000)
  region size 1024K, 42 young (43008K), 5 survivors (5120K)
 Metaspace       used 71157K, committed 71808K, reserved 1114112K
  class space    used 9552K, committed 9856K, reserved 1048576K
}
Event: 25.768 GC heap after
{Heap after GC invocations=42 (full 0):
 garbage-first heap   total 128000K, used 74250K [0x0000000080000000, 0x0000000100000000)
  region size 1024K, 6 young (6144K), 6 survivors (6144K)
 Metaspace       used 71157K, committed 71808K, reserved 1114112K
  class space    used 9552K, committed 9856K, reserved 1048576K
}
Event: 29.456 GC heap before
{Heap before GC invocations=43 (full 0):
 garbage-first heap   total 130048K, used 102922K [0x0000000080000000, 0x0000000100000000)
  region size 1024K, 35 young (35840K), 6 survivors (6144K)
 Metaspace       used 73724K, committed 74304K, reserved 1114112K
  class space    used 9955K, committed 10240K, reserved 1048576K
}
Event: 29.471 GC heap after
{Heap after GC invocations=44 (full 0):
 garbage-first heap   total 130048K, used 78209K [0x0000000080000000, 0x0000000100000000)
  region size 1024K, 4 young (4096K), 4 survivors (4096K)
 Metaspace       used 73724K, committed 74304K, reserved 1114112K
  class space    used 9955K, committed 10240K, reserved 1048576K
}
Event: 31.472 GC heap before
{Heap before GC invocations=44 (full 0):
 garbage-first heap   total 130048K, used 104833K [0x0000000080000000, 0x0000000100000000)
  region size 1024K, 31 young (31744K), 4 survivors (4096K)
 Metaspace       used 73970K, committed 74560K, reserved 1114112K
  class space    used 9959K, committed 10240K, reserved 1048576K
}
Event: 31.479 GC heap after
{Heap after GC invocations=45 (full 0):
 garbage-first heap   total 130048K, used 79685K [0x0000000080000000, 0x0000000100000000)
  region size 1024K, 2 young (2048K), 2 survivors (2048K)
 Metaspace       used 73970K, committed 74560K, reserved 1114112K
  class space    used 9959K, committed 10240K, reserved 1048576K
}
Event: 38.197 GC heap before
{Heap before GC invocations=46 (full 0):
 garbage-first heap   total 140288K, used 106309K [0x0000000080000000, 0x0000000100000000)
  region size 1024K, 29 young (29696K), 2 survivors (2048K)
 Metaspace       used 74265K, committed 74944K, reserved 1114112K
  class space    used 9982K, committed 10304K, reserved 1048576K
}
Event: 38.201 GC heap after
{Heap after GC invocations=47 (full 0):
 garbage-first heap   total 140288K, used 81476K [0x0000000080000000, 0x0000000100000000)
  region size 1024K, 4 young (4096K), 4 survivors (4096K)
 Metaspace       used 74265K, committed 74944K, reserved 1114112K
  class space    used 9982K, committed 10304K, reserved 1048576K
}
Event: 64.075 GC heap before
{Heap before GC invocations=47 (full 0):
 garbage-first heap   total 140288K, used 107076K [0x0000000080000000, 0x0000000100000000)
  region size 1024K, 31 young (31744K), 4 survivors (4096K)
 Metaspace       used 75813K, committed 76480K, reserved 1122304K
  class space    used 10142K, committed 10432K, reserved 1048576K
}
Event: 64.355 GC heap after
{Heap after GC invocations=48 (full 0):
 garbage-first heap   total 140288K, used 83331K [0x0000000080000000, 0x0000000100000000)
  region size 1024K, 4 young (4096K), 4 survivors (4096K)
 Metaspace       used 75813K, committed 76480K, reserved 1122304K
  class space    used 10142K, committed 10432K, reserved 1048576K
}
Event: 74.344 GC heap before
{Heap before GC invocations=49 (full 0):
 garbage-first heap   total 145408K, used 118147K [0x0000000080000000, 0x0000000100000000)
  region size 1024K, 36 young (36864K), 4 survivors (4096K)
 Metaspace       used 78186K, committed 78848K, reserved 1122304K
  class space    used 10425K, committed 10752K, reserved 1048576K
}
Event: 74.381 GC heap after
{Heap after GC invocations=50 (full 0):
 garbage-first heap   total 145408K, used 99051K [0x0000000080000000, 0x0000000100000000)
  region size 1024K, 5 young (5120K), 5 survivors (5120K)
 Metaspace       used 78186K, committed 78848K, reserved 1122304K
  class space    used 10425K, committed 10752K, reserved 1048576K
}
Event: 76.503 GC heap before
{Heap before GC invocations=50 (full 0):
 garbage-first heap   total 145408K, used 114411K [0x0000000080000000, 0x0000000100000000)
  region size 1024K, 22 young (22528K), 5 survivors (5120K)
 Metaspace       used 78447K, committed 79168K, reserved 1122304K
  class space    used 10444K, committed 10816K, reserved 1048576K
}
Event: 76.543 GC heap after
{Heap after GC invocations=51 (full 0):
 garbage-first heap   total 145408K, used 108544K [0x0000000080000000, 0x0000000100000000)
  region size 1024K, 3 young (3072K), 3 survivors (3072K)
 Metaspace       used 78447K, committed 79168K, reserved 1122304K
  class space    used 10444K, committed 10816K, reserved 1048576K
}
Event: 77.128 GC heap before
{Heap before GC invocations=52 (full 0):
 garbage-first heap   total 206848K, used 122880K [0x0000000080000000, 0x0000000100000000)
  region size 1024K, 5 young (5120K), 3 survivors (3072K)
 Metaspace       used 78461K, committed 79168K, reserved 1122304K
  class space    used 10446K, committed 10816K, reserved 1048576K
}
Event: 77.134 GC heap after
{Heap after GC invocations=53 (full 0):
 garbage-first heap   total 206848K, used 113716K [0x0000000080000000, 0x0000000100000000)
  region size 1024K, 1 young (1024K), 1 survivors (1024K)
 Metaspace       used 78461K, committed 79168K, reserved 1122304K
  class space    used 10446K, committed 10816K, reserved 1048576K
}

Deoptimization events (20 events):
Event: 152.034 Thread 0x000001f2bdbcb5c0 Uncommon trap: trap_request=0xffffff45 fr.pc=0x000001f2a8420e94 relative=0x00000000000018b4
Event: 152.034 Thread 0x000001f2bdbcb5c0 Uncommon trap: reason=unstable_if action=reinterpret pc=0x000001f2a8420e94 method=org.gradle.internal.execution.history.impl.FingerprintMapSerializer.readFingerprint(Lorg/gradle/internal/serialize/Decoder;)Lorg/gradle/internal/fingerprint/FileSystemLocati
Event: 152.034 Thread 0x000001f2bdbcb5c0 DEOPT PACKING pc=0x000001f2a8420e94 sp=0x000000ef5fcfe1d0
Event: 152.035 Thread 0x000001f2bdbcb5c0 DEOPT UNPACKING pc=0x000001f2a094d72e sp=0x000000ef5fcfe1c0 mode 2
Event: 160.916 Thread 0x000001f2bdbca5d0 Uncommon trap: trap_request=0xffffffd6 fr.pc=0x000001f2a86bc2e0 relative=0x0000000000000900
Event: 160.944 Thread 0x000001f2bdbca5d0 Uncommon trap: reason=array_check action=maybe_recompile pc=0x000001f2a86bc2e0 method=java.util.ComparableTimSort.binarySort([Ljava/lang/Object;III)V @ 193 c2
Event: 160.944 Thread 0x000001f2bdbca5d0 DEOPT PACKING pc=0x000001f2a86bc2e0 sp=0x000000ef5fafbb50
Event: 160.945 Thread 0x000001f2bdbca5d0 DEOPT UNPACKING pc=0x000001f2a094d72e sp=0x000000ef5fafbaf0 mode 2
Event: 174.417 Thread 0x000001f2b93968b0 Uncommon trap: trap_request=0xffffffd6 fr.pc=0x000001f2a86bc1c4 relative=0x00000000000007e4
Event: 174.417 Thread 0x000001f2b93968b0 Uncommon trap: reason=array_check action=maybe_recompile pc=0x000001f2a86bc1c4 method=java.util.ComparableTimSort.binarySort([Ljava/lang/Object;III)V @ 215 c2
Event: 174.417 Thread 0x000001f2b93968b0 DEOPT PACKING pc=0x000001f2a86bc1c4 sp=0x000000ef5b4fda70
Event: 174.417 Thread 0x000001f2b93968b0 DEOPT UNPACKING pc=0x000001f2a094d72e sp=0x000000ef5b4fda10 mode 2
Event: 197.550 Thread 0x000001f2b7f7ede0 Uncommon trap: trap_request=0xffffff45 fr.pc=0x000001f2a86f9ecc relative=0x000000000000004c
Event: 197.550 Thread 0x000001f2b7f7ede0 Uncommon trap: reason=unstable_if action=reinterpret pc=0x000001f2a86f9ecc method=java.lang.Thread.interrupted()Z @ 10 c2
Event: 197.829 Thread 0x000001f2b7f7ede0 DEOPT PACKING pc=0x000001f2a86f9ecc sp=0x000000ef5b6ff1b0
Event: 198.075 Thread 0x000001f2b7f7ede0 DEOPT UNPACKING pc=0x000001f2a094d72e sp=0x000000ef5b6ff140 mode 2
Event: 217.083 Thread 0x000001f2b8af1040 Uncommon trap: trap_request=0xffffff45 fr.pc=0x000001f2a8840b6c relative=0x000000000000048c
Event: 217.083 Thread 0x000001f2b8af1040 Uncommon trap: reason=unstable_if action=reinterpret pc=0x000001f2a8840b6c method=com.esotericsoftware.kryo.io.Input.require(I)I @ 180 c2
Event: 217.083 Thread 0x000001f2b8af1040 DEOPT PACKING pc=0x000001f2a8840b6c sp=0x000000ef5b5ff110
Event: 217.147 Thread 0x000001f2b8af1040 DEOPT UNPACKING pc=0x000001f2a094d72e sp=0x000000ef5b5fef80 mode 2

Classes unloaded (0 events):
No events

Classes redefined (0 events):
No events

Internal exceptions (20 events):
Event: 28.925 Thread 0x000001f2b75083d0 Exception <a 'java/lang/NoSuchMethodError'{0x00000000868c78a0}: 'void java.lang.invoke.DirectMethodHandle$Holder.invokeStatic(java.lang.Object, java.lang.Object, java.lang.Object, java.lang.Object, int, java.lang.Object, java.lang.Object)'> (0x00000000868c78a0) 
thrown [c:\wsjdk\correttojdksrc\installers\windows\zip\corretto-build\buildroot\src\hotspot\share\interpreter\linkResolver.cpp, line 790]
Event: 28.968 Thread 0x000001f2b9c02a40 Exception <a 'java/lang/NoSuchMethodError'{0x0000000086502a58}: 'java.lang.Object java.lang.invoke.DirectMethodHandle$Holder.invokeSpecialIFC(java.lang.Object, java.lang.Object, java.lang.Object)'> (0x0000000086502a58) 
thrown [c:\wsjdk\correttojdksrc\installers\windows\zip\corretto-build\buildroot\src\hotspot\share\interpreter\linkResolver.cpp, line 790]
Event: 29.504 Thread 0x000001f2b9c02a40 Exception <a 'java/lang/NoSuchMethodError'{0x0000000087f70640}: 'void java.lang.invoke.DirectMethodHandle$Holder.invokeVirtual(java.lang.Object, java.lang.Object)'> (0x0000000087f70640) 
thrown [c:\wsjdk\correttojdksrc\installers\windows\zip\corretto-build\buildroot\src\hotspot\share\interpreter\linkResolver.cpp, line 790]
Event: 56.419 Thread 0x000001f2b7f7e890 Exception <a 'java/lang/NoSuchMethodError'{0x00000000877d7b98}: static [Ljava/lang/Object;.<clinit>()V> (0x00000000877d7b98) 
thrown [c:\wsjdk\correttojdksrc\installers\windows\zip\corretto-build\buildroot\src\hotspot\share\prims\jni.cpp, line 1210]
Event: 61.695 Thread 0x000001f2b75083d0 Exception <a 'java/lang/NoSuchMethodError'{0x000000008706b450}: 'void java.lang.invoke.DirectMethodHandle$Holder.invokeInterface(java.lang.Object, java.lang.Object, java.lang.Object, java.lang.Object)'> (0x000000008706b450) 
thrown [c:\wsjdk\correttojdksrc\installers\windows\zip\corretto-build\buildroot\src\hotspot\share\interpreter\linkResolver.cpp, line 790]
Event: 74.658 Thread 0x000001f2b75083d0 Implicit null exception at 0x000001f2a89f1580 to 0x000001f2a89f1d97
Event: 76.358 Thread 0x000001f2b75083d0 Implicit null exception at 0x000001f2a8a158a0 to 0x000001f2a8a163d0
Event: 76.358 Thread 0x000001f2b75083d0 Implicit null exception at 0x000001f2a89fc84e to 0x000001f2a89fcedc
Event: 78.730 Thread 0x000001f2b75083d0 Exception <a 'java/lang/NoSuchMethodError'{0x000000008c793c90}: static Lcom/android/ide/common/resources/CompileResourceRequest;.<clinit>()V> (0x000000008c793c90) 
thrown [c:\wsjdk\correttojdksrc\installers\windows\zip\corretto-build\buildroot\src\hotspot\share\prims\jni.cpp, line 1210]
Event: 78.895 Thread 0x000001f2b75083d0 Exception <a 'java/lang/NoSuchMethodError'{0x000000008c63e420}: static Lkotlin/InitializedLazyImpl;.<clinit>()V> (0x000000008c63e420) 
thrown [c:\wsjdk\correttojdksrc\installers\windows\zip\corretto-build\buildroot\src\hotspot\share\prims\jni.cpp, line 1210]
Event: 161.424 Thread 0x000001f2bdbca5d0 Exception <a 'java/lang/NoSuchMethodError'{0x000000008a578fc0}: static Lcom/android/build/gradle/internal/scope/InternalArtifactType;.<clinit>()V> (0x000000008a578fc0) 
thrown [c:\wsjdk\correttojdksrc\installers\windows\zip\corretto-build\buildroot\src\hotspot\share\prims\jni.cpp, line 1210]
Event: 161.580 Thread 0x000001f2bdbca5d0 Exception <a 'java/lang/NoSuchMethodError'{0x000000008a57a7b8}: static Lcom/android/build/gradle/internal/scope/InternalArtifactType;.<clinit>()V> (0x000000008a57a7b8) 
thrown [c:\wsjdk\correttojdksrc\installers\windows\zip\corretto-build\buildroot\src\hotspot\share\prims\jni.cpp, line 1210]
Event: 161.580 Thread 0x000001f2bdbca5d0 Exception <a 'java/lang/NoSuchMethodError'{0x000000008a57e738}: static Lcom/android/build/api/artifact/Artifact$Single;.<clinit>()V> (0x000000008a57e738) 
thrown [c:\wsjdk\correttojdksrc\installers\windows\zip\corretto-build\buildroot\src\hotspot\share\prims\jni.cpp, line 1210]
Event: 161.581 Thread 0x000001f2bdbca5d0 Exception <a 'java/lang/NoSuchMethodError'{0x000000008a580d68}: static Ljava/lang/Object;.<clinit>()V> (0x000000008a580d68) 
thrown [c:\wsjdk\correttojdksrc\installers\windows\zip\corretto-build\buildroot\src\hotspot\share\prims\jni.cpp, line 1210]
Event: 162.032 Thread 0x000001f2bdbca5d0 Exception <a 'java/lang/NoSuchMethodError'{0x000000008a5c0ca0}: static Lcom/android/build/api/artifact/ArtifactKind;.<clinit>()V> (0x000000008a5c0ca0) 
thrown [c:\wsjdk\correttojdksrc\installers\windows\zip\corretto-build\buildroot\src\hotspot\share\prims\jni.cpp, line 1210]
Event: 162.032 Thread 0x000001f2bdbca5d0 Exception <a 'java/lang/NoSuchMethodError'{0x000000008a5c1f18}: static Lcom/android/build/api/artifact/ArtifactKind;.<clinit>()V> (0x000000008a5c1f18) 
thrown [c:\wsjdk\correttojdksrc\installers\windows\zip\corretto-build\buildroot\src\hotspot\share\prims\jni.cpp, line 1210]
Event: 185.315 Thread 0x000001f2b93968b0 Exception <a 'java/lang/NoSuchMethodError'{0x000000008a319400}: static Lorg/gradle/launcher/daemon/server/api/DaemonStoppedException;.<clinit>()V> (0x000000008a319400) 
thrown [c:\wsjdk\correttojdksrc\installers\windows\zip\corretto-build\buildroot\src\hotspot\share\prims\jni.cpp, line 1210]
Event: 190.689 Thread 0x000001f2b93968b0 Exception <a 'java/lang/NoSuchMethodError'{0x000000008a31aa40}: static [Ljava/lang/StackTraceElement;.<clinit>()V> (0x000000008a31aa40) 
thrown [c:\wsjdk\correttojdksrc\installers\windows\zip\corretto-build\buildroot\src\hotspot\share\prims\jni.cpp, line 1210]
Event: 192.423 Thread 0x000001f2b93968b0 Exception <a 'java/lang/NoSuchMethodError'{0x000000008a3364f0}: static [B.<clinit>()V> (0x000000008a3364f0) 
thrown [c:\wsjdk\correttojdksrc\installers\windows\zip\corretto-build\buildroot\src\hotspot\share\prims\jni.cpp, line 1210]
Event: 232.812 Thread 0x000001f2b8ef51d0 Exception <a 'java/io/IOException'{0x000000008a2d7b10}> (0x000000008a2d7b10) 
thrown [c:\wsjdk\correttojdksrc\installers\windows\zip\corretto-build\buildroot\src\hotspot\share\prims\jni.cpp, line 579]

Events (20 events):
Event: 235.203 Executing  VM operation: Cleanup
Event: 235.310 Executing  VM operation: Cleanup done
Event: 236.268 Thread 0x000001f2b8a41860 Thread exited: 0x000001f2b8a41860
Event: 236.310 Executing  VM operation: Cleanup
Event: 236.480 Executing  VM operation: Cleanup done
Event: 236.592 Executing  VM operation: HandshakeAllThreads
Event: 236.758 Executing  VM operation: HandshakeAllThreads done
Event: 237.198 loading class java/lang/Throwable$WrappedPrintWriter
Event: 237.592 loading class java/lang/Throwable$WrappedPrintWriter done
Event: 237.761 Executing  VM operation: Cleanup
Event: 237.807 Executing  VM operation: Cleanup done
Event: 238.808 Executing  VM operation: Cleanup
Event: 238.939 Thread 0x000001f2bdbc85f0 Thread added: 0x000001f2bdbc85f0
Event: 239.731 Executing  VM operation: Cleanup done
Event: 239.796 Thread 0x000001f2bdbc8b40 Thread added: 0x000001f2bdbc8b40
Event: 239.833 Thread 0x000001f2bdbc9090 Thread added: 0x000001f2bdbc9090
Event: 240.257 Thread 0x000001f2bdbc9090 Thread exited: 0x000001f2bdbc9090
Event: 240.570 Thread 0x000001f2bdbc85f0 Thread exited: 0x000001f2bdbc85f0
Event: 240.736 Executing  VM operation: Cleanup
Event: 240.911 Executing  VM operation: Cleanup done


Dynamic libraries:
0x00007ff7a7fc0000 - 0x00007ff7a7fcd000 	C:\Users\Vitor\.jdks\corretto-16.0.2\bin\java.exe
0x00007ffd497f0000 - 0x00007ffd499e8000 	C:\Windows\SYSTEM32\ntdll.dll
0x00007ffd48190000 - 0x00007ffd4824f000 	C:\Windows\System32\KERNEL32.DLL
0x00007ffd47010000 - 0x00007ffd47306000 	C:\Windows\System32\KERNELBASE.dll
0x00007ffd473f0000 - 0x00007ffd474f0000 	C:\Windows\System32\ucrtbase.dll
0x00007ffd26fe0000 - 0x00007ffd26ff5000 	C:\Users\Vitor\.jdks\corretto-16.0.2\bin\VCRUNTIME140.dll
0x00007ffd2aaf0000 - 0x00007ffd2ab08000 	C:\Users\Vitor\.jdks\corretto-16.0.2\bin\jli.dll
0x00007ffd47ad0000 - 0x00007ffd47c6d000 	C:\Windows\System32\USER32.dll
0x00007ffd46f70000 - 0x00007ffd46f92000 	C:\Windows\System32\win32u.dll
0x00007ffd485d0000 - 0x00007ffd485fc000 	C:\Windows\System32\GDI32.dll
0x00007ffd47680000 - 0x00007ffd47795000 	C:\Windows\System32\gdi32full.dll
0x00007ffd3f400000 - 0x00007ffd3f69a000 	C:\Windows\WinSxS\amd64_microsoft.windows.common-controls_6595b64144ccf1df_6.0.19041.1110_none_60b5254171f9507e\COMCTL32.dll
0x00007ffd46ed0000 - 0x00007ffd46f6d000 	C:\Windows\System32\msvcp_win.dll
0x00007ffd47c70000 - 0x00007ffd47d0e000 	C:\Windows\System32\msvcrt.dll
0x00007ffd49420000 - 0x00007ffd49450000 	C:\Windows\System32\IMM32.DLL
0x00007ffcf2490000 - 0x00007ffcf252b000 	C:\Users\Vitor\.jdks\corretto-16.0.2\bin\msvcp140.dll
0x00007ffcdea70000 - 0x00007ffcdf679000 	C:\Users\Vitor\.jdks\corretto-16.0.2\bin\server\jvm.dll
0x00007ffd49370000 - 0x00007ffd4941f000 	C:\Windows\System32\ADVAPI32.dll
0x00007ffd47d30000 - 0x00007ffd47dcc000 	C:\Windows\System32\sechost.dll
0x00007ffd48400000 - 0x00007ffd48526000 	C:\Windows\System32\RPCRT4.dll
0x00007ffd485c0000 - 0x00007ffd485c8000 	C:\Windows\System32\PSAPI.DLL
0x00007ffd39bd0000 - 0x00007ffd39bd9000 	C:\Windows\SYSTEM32\WSOCK32.dll
0x00007ffd36c50000 - 0x00007ffd36c77000 	C:\Windows\SYSTEM32\WINMM.dll
0x00007ffd40af0000 - 0x00007ffd40afa000 	C:\Windows\SYSTEM32\VERSION.dll
0x00007ffd48260000 - 0x00007ffd482cb000 	C:\Windows\System32\WS2_32.dll
0x00007ffd44da0000 - 0x00007ffd44db2000 	C:\Windows\SYSTEM32\kernel.appcore.dll
0x00007ffd338e0000 - 0x00007ffd338ea000 	C:\Users\Vitor\.jdks\corretto-16.0.2\bin\jimage.dll
0x00007ffd3fbf0000 - 0x00007ffd3fdd4000 	C:\Windows\SYSTEM32\DBGHELP.DLL
0x00007ffd3f990000 - 0x00007ffd3f9c4000 	C:\Windows\SYSTEM32\dbgcore.DLL
0x00007ffd47310000 - 0x00007ffd47392000 	C:\Windows\System32\bcryptPrimitives.dll
0x00007ffd24910000 - 0x00007ffd24935000 	C:\Users\Vitor\.jdks\corretto-16.0.2\bin\java.dll
0x00007ffd48c20000 - 0x00007ffd49364000 	C:\Windows\System32\SHELL32.dll
0x00007ffd44fa0000 - 0x00007ffd45734000 	C:\Windows\SYSTEM32\windows.storage.dll
0x00007ffd49450000 - 0x00007ffd497a4000 	C:\Windows\System32\combase.dll
0x00007ffd468a0000 - 0x00007ffd468ce000 	C:\Windows\SYSTEM32\Wldp.dll
0x00007ffd47dd0000 - 0x00007ffd47e7d000 	C:\Windows\System32\SHCORE.dll
0x00007ffd47e80000 - 0x00007ffd47ed5000 	C:\Windows\System32\shlwapi.dll
0x00007ffd46e00000 - 0x00007ffd46e25000 	C:\Windows\SYSTEM32\profapi.dll
0x00007ffd22ec0000 - 0x00007ffd22ed9000 	C:\Users\Vitor\.jdks\corretto-16.0.2\bin\net.dll
0x00007ffd3ff70000 - 0x00007ffd4007a000 	C:\Windows\SYSTEM32\WINHTTP.dll
0x00007ffd465a0000 - 0x00007ffd4660a000 	C:\Windows\system32\mswsock.dll
0x00007ffd22ea0000 - 0x00007ffd22eb3000 	C:\Users\Vitor\.jdks\corretto-16.0.2\bin\nio.dll
0x00007ffd22be0000 - 0x00007ffd22bf8000 	C:\Users\Vitor\.jdks\corretto-16.0.2\bin\zip.dll
0x00007ffd32180000 - 0x00007ffd32190000 	C:\Users\Vitor\.jdks\corretto-16.0.2\bin\verify.dll
0x00007ffd2d7c0000 - 0x00007ffd2d7e7000 	C:\Users\Vitor\.gradle\native\e1d6ef7f7dcc3fd88c89a11ec53ec762bb8ba0a96d01ffa2cd45eb1d1d8dd5c5\windows-amd64\native-platform.dll
0x00007ffcf2340000 - 0x00007ffcf2484000 	C:\Users\Vitor\.gradle\native\0d407fdbe67a94daf76414ababcb853783967236a71b16ec16e742cd7a986fd3\windows-amd64\native-platform-file-events.dll
0x00007ffd31fc0000 - 0x00007ffd31fc9000 	C:\Users\Vitor\.jdks\corretto-16.0.2\bin\management.dll
0x00007ffd31830000 - 0x00007ffd3183b000 	C:\Users\Vitor\.jdks\corretto-16.0.2\bin\management_ext.dll
0x00007ffd46790000 - 0x00007ffd467a8000 	C:\Windows\SYSTEM32\CRYPTSP.dll
0x00007ffd45ec0000 - 0x00007ffd45ef4000 	C:\Windows\system32\rsaenh.dll
0x00007ffd474f0000 - 0x00007ffd47517000 	C:\Windows\System32\bcrypt.dll
0x00007ffd46d80000 - 0x00007ffd46dae000 	C:\Windows\SYSTEM32\USERENV.dll
0x00007ffd467b0000 - 0x00007ffd467bc000 	C:\Windows\SYSTEM32\CRYPTBASE.dll
0x00007ffd46290000 - 0x00007ffd462cc000 	C:\Windows\SYSTEM32\IPHLPAPI.DLL
0x00007ffd47980000 - 0x00007ffd47988000 	C:\Windows\System32\NSI.dll
0x00007ffd40f80000 - 0x00007ffd40f97000 	C:\Windows\SYSTEM32\dhcpcsvc6.DLL
0x00007ffd40f60000 - 0x00007ffd40f7d000 	C:\Windows\SYSTEM32\dhcpcsvc.DLL
0x00007ffd462d0000 - 0x00007ffd4639a000 	C:\Windows\SYSTEM32\DNSAPI.dll
0x00007ffd31510000 - 0x00007ffd3151e000 	C:\Users\Vitor\.jdks\corretto-16.0.2\bin\sunmscapi.dll
0x00007ffd47520000 - 0x00007ffd4767e000 	C:\Windows\System32\CRYPT32.dll
0x00007ffd46910000 - 0x00007ffd46938000 	C:\Windows\SYSTEM32\ncrypt.dll
0x00007ffd468d0000 - 0x00007ffd4690b000 	C:\Windows\SYSTEM32\NTASN1.dll
0x00007ffd3ab70000 - 0x00007ffd3ab77000 	C:\Windows\system32\wshunix.dll

dbghelp: loaded successfully - version: 4.0.5 - missing functions: none
symbol engine: initialized successfully - sym options: 0x614 - pdb path: .;C:\Users\Vitor\.jdks\corretto-16.0.2\bin;C:\Windows\SYSTEM32;C:\Windows\WinSxS\amd64_microsoft.windows.common-controls_6595b64144ccf1df_6.0.19041.1110_none_60b5254171f9507e;C:\Users\Vitor\.jdks\corretto-16.0.2\bin\server;C:\Users\Vitor\.gradle\native\e1d6ef7f7dcc3fd88c89a11ec53ec762bb8ba0a96d01ffa2cd45eb1d1d8dd5c5\windows-amd64;C:\Users\Vitor\.gradle\native\0d407fdbe67a94daf76414ababcb853783967236a71b16ec16e742cd7a986fd3\windows-amd64

VM Arguments:
jvm_args: --add-opens=java.base/java.util=ALL-UNNAMED --add-opens=java.base/java.lang=ALL-UNNAMED --add-opens=java.base/java.lang.invoke=ALL-UNNAMED --add-opens=java.base/java.util=ALL-UNNAMED --add-opens=java.prefs/java.util.prefs=ALL-UNNAMED --add-opens=java.prefs/java.util.prefs=ALL-UNNAMED --add-opens=java.base/java.nio.charset=ALL-UNNAMED --add-opens=java.base/java.net=ALL-UNNAMED --add-opens=java.base/java.util.concurrent.atomic=ALL-UNNAMED -Xmx2048m -Dfile.encoding=UTF-8 -Duser.country=BR -Duser.language=pt -Duser.variant 
java_command: org.gradle.launcher.daemon.bootstrap.GradleDaemon 7.5
java_class_path (initial): C:\Users\Vitor\.gradle\wrapper\dists\gradle-7.5-bin\f1w0cc9nuo0eivz97x2xlu9sv\gradle-7.5\lib\gradle-launcher-7.5.jar
Launcher Type: SUN_STANDARD

[Global flags]
     intx CICompilerCount                          = 3                                         {product} {ergonomic}
     uint ConcGCThreads                            = 1                                         {product} {ergonomic}
     uint G1ConcRefinementThreads                  = 4                                         {product} {ergonomic}
   size_t G1HeapRegionSize                         = 1048576                                   {product} {ergonomic}
    uintx GCDrainStackTargetSize                   = 64                                        {product} {ergonomic}
   size_t InitialHeapSize                          = 134217728                                 {product} {ergonomic}
   size_t MarkStackSize                            = 4194304                                   {product} {ergonomic}
   size_t MaxHeapSize                              = 2147483648                                {product} {command line}
   size_t MaxNewSize                               = 1287651328                                {product} {ergonomic}
   size_t MinHeapDeltaBytes                        = 1048576                                   {product} {ergonomic}
   size_t MinHeapSize                              = 8388608                                   {product} {ergonomic}
    uintx NonNMethodCodeHeapSize                   = 5832780                                {pd product} {ergonomic}
    uintx NonProfiledCodeHeapSize                  = 122912730                              {pd product} {ergonomic}
    uintx ProfiledCodeHeapSize                     = 122912730                              {pd product} {ergonomic}
    uintx ReservedCodeCacheSize                    = 251658240                              {pd product} {ergonomic}
     bool SegmentedCodeCache                       = true                                      {product} {ergonomic}
   size_t SoftMaxHeapSize                          = 2147483648                             {manageable} {ergonomic}
     bool UseCompressedClassPointers               = true                           {product lp64_product} {ergonomic}
     bool UseCompressedOops                        = true                           {product lp64_product} {ergonomic}
     bool UseG1GC                                  = true                                      {product} {ergonomic}
     bool UseLargePagesIndividualAllocation        = false                                  {pd product} {ergonomic}

Logging:
Log output configuration:
 #0: stdout all=warning uptime,level,tags
 #1: stderr all=off uptime,level,tags

Environment Variables:
PATH=C:\Program Files\Common Files\Oracle\Java\javapath;C:\Program Files (x86)\Common Files\Oracle\Java\javapath;C:\Program Files (x86)\Falcon\MinGW\bin;C:\Program Files (x86)\Intel\Intel(R) Management Engine Components\iCLS\;C:\Program Files\Intel\Intel(R) Management Engine Components\iCLS\;C:\WINDOWS\system32;C:\WINDOWS;C:\WINDOWS\System32\Wbem;C:\WINDOWS\System32\WindowsPowerShell\v1.0\;C:\WINDOWS\System32\OpenSSH\;C:\Program Files (x86)\Intel\Intel(R) Management Engine Components\DAL;C:\Program Files\Intel\Intel(R) Management Engine Components\DAL;C:\Program Files (x86)\Intel\Intel(R) Management Engine Components\IPT;C:\Program Files\Intel\Intel(R) Management Engine Components\IPT;C:\Program Files\NVIDIA Corporation\NVIDIA NvDLISR;C:\Program Files (x86)\Intel\OpenCL SDK\2.0\bin\x86;C:\Program Files (x86)\Intel\OpenCL SDK\2.0\bin\x64;C:\Program Files (x86)\NVIDIA Corporation\PhysX\Common;C:\Windows\system32;C:\Windows;C:\Windows\System32\Wbem;C:\Windows\System32\WindowsPowerShell\v1.0\;C:\Windows\System32\OpenSSH\;C:\Program Files\dotnet\;c:\cekeikon5\tbb\build\windows_intel64_gcc_mingw6.2.0_release;c:\cekeikon5\msys\bin;c:\cekeikon5\mingw64\bin;c:\cekeikon5\fltk\bin;c:\cekeikon5\bin;c:\cekeikon5\cekeikon\bin;c:\cekeikon5\opencv\build\mingw64\bin;c:\cekeikon5\opencv2410\build\mingw64\bin;c:\cekeikon5\proeikon\bin;C:\Users\Vitor\AppData\Local\Microsoft\WindowsApps;C:\Users\Vitor\AppData\Local\Programs\Microsoft VS Code\bin;C:\Users\Vitor\AppData\Local\Programs\Python\Python39\Scripts;D:\;C:\Users\Vitor\.dotnet\tools;C:\php;C:\Users\Vitor\AppData\Local\ComposerSetup\bin;C:\Users\Vitor\AppData\Roaming\Composer\vendor\bin
USERNAME=Vitor
OS=Windows_NT
PROCESSOR_IDENTIFIER=Intel64 Family 6 Model 158 Stepping 10, GenuineIntel



---------------  S Y S T E M  ---------------

OS:
 Windows 10 , 64 bit Build 19041 (10.0.19041.3155)
OS uptime: 14 days 23:36 hours

CPU: total 4 (initial active 4) (4 cores per cpu, 1 threads per core) family 6 model 158 stepping 10 microcode 0xd6, cx8, cmov, fxsr, mmx, 3dnowpref, sse, sse2, sse3, ssse3, sse4.1, sse4.2, popcnt, lzcnt, tsc, tscinvbit, avx, avx2, aes, erms, clmul, bmi1, bmi2, adx, fma, vzeroupper, clflush, clflushopt

Memory: 4k page, system-wide physical 8127M (1855M free)
TotalPageFile size 30891M (AvailPageFile size 3M)
current process WorkingSet (physical memory assigned to process): 106M, peak: 367M
current process commit charge ("private bytes"): 456M, peak: 482M

vm_info: OpenJDK 64-Bit Server VM (16.0.2+7) for windows-amd64 JRE (16.0.2+7), built on Jul 22 2021 01:11:46 by "Administrator" with MS VC++ 15.9 (VS2017)

END.
